#
# There is insufficient memory for the Java Runtime Environment to continue.
# Native memory allocation (mmap) failed to map 33554432 bytes for committing reserved memory.
# Possible reasons:
#   The system is out of physical RAM or swap space
#   The process is running with CompressedOops enabled, and the Java Heap may be blocking the growth of the native heap
# Possible solutions:
#   Reduce memory load on the system
#   Increase physical memory or swap space
#   Check if swap backing store is full
#   Decrease Java heap size (-Xmx/-Xms)
#   Decrease number of Java threads
#   Decrease Java thread stack sizes (-Xss)
#   Set larger code cache with -XX:ReservedCodeCacheSize=
# This output file may be truncated or incomplete.
#
#  Out of Memory Error (os_linux.cpp:2884), pid=32475, tid=32476
#
# JRE version:  (11.0.4+10) (build )
# Java VM: OpenJDK 64-Bit Server VM (11.0.4+10-b304.77, mixed mode, aot, sharing, tiered, compressed oops, g1 gc, linux-amd64)
# Core dump will be written. Default location: Core dumps may be processed with "/lib/systemd/systemd-coredump %P %u %g %s %t 9223372036854775808 %e" (or dumping to /home/yair/CLionProjects/Searching-Algorithm-Server/core.32475)
#

---------------  S U M M A R Y ------------

Command Line: org.jetbrains.git4idea.http.GitAskPassApp Username for 'https://github.com': 

Host: Intel(R) Core(TM) i5-7200U CPU @ 2.50GHz, 2 cores, 3G, Linux Mint 19.2 Tina
Time: Sun Jan 12 20:27:42 2020 IST elapsed time: 1 seconds (0d 0h 0m 1s)

---------------  T H R E A D  ---------------

Current thread (0x00007f55bc012000):  JavaThread "Unknown thread" [_thread_in_vm, id=32476, stack(0x00007f55c347d000,0x00007f55c357e000)]

Stack: [0x00007f55c347d000,0x00007f55c357e000],  sp=0x00007f55c357c4e0,  free space=1021k
Native frames: (J=compiled Java code, A=aot compiled Java code, j=interpreted, Vv=VM code, C=native code)
V  [libjvm.so+0xd9777a]  VMError::report_and_die(int, char const*, char const*, __va_list_tag*, Thread*, unsigned char*, void*, void*, char const*, int, unsigned long)+0x18a
V  [libjvm.so+0xd98613]  VMError::report_and_die(Thread*, char const*, int, unsigned long, VMErrorType, char const*, __va_list_tag*)+0x43
V  [libjvm.so+0x698dc8]  report_vm_out_of_memory(char const*, int, unsigned long, VMErrorType, char const*, ...)+0xe8
V  [libjvm.so+0xb9dac2]  os::pd_commit_memory(char*, unsigned long, bool)+0xc2
V  [libjvm.so+0xb9520f]  os::commit_memory(char*, unsigned long, bool)+0x1f
V  [libjvm.so+0x775294]  G1CMMarkStack::resize(unsigned long)+0x64
V  [libjvm.so+0x778c23]  G1ConcurrentMark::G1ConcurrentMark(G1CollectedHeap*, G1RegionToSpaceMapper*, G1RegionToSpaceMapper*)+0x603
V  [libjvm.so+0x764925]  G1CollectedHeap::initialize()+0x665
V  [libjvm.so+0xd5ae81]  Universe::initialize_heap()+0x41
V  [libjvm.so+0xd5b131]  universe_init()+0x41
V  [libjvm.so+0x8271ef]  init_globals()+0x5f
V  [libjvm.so+0xd3871c]  Threads::create_vm(JavaVMInitArgs*, bool*)+0x3dc
V  [libjvm.so+0x8ce74c]  JNI_CreateJavaVM+0x5c
C  [libjli.so+0x4814]  JavaMain+0x84


---------------  P R O C E S S  ---------------

Threads class SMR info:
_java_thread_list=0x0000000002401ff0, length=0, elements={
}

Java Threads: ( => current thread )

Other Threads:
  0x00007f55bc028000 GCTaskThread "GC Thread#0" [stack: 0x00007f55a851e000,0x00007f55a861e000] [id=32477]

[error occurred during error reporting (printing all threads), id 0xb, SIGSEGV (0xb) at pc=0x00007f55c1a9f3b1]

VM state:not at safepoint (not fully initialized)

VM Mutex/Monitor currently owned by a thread:  ([mutex/lock_event])
[0x00007f55bc00ea60] Heap_lock - owner thread: 0x00007f55bc012000

Heap address: 0x00000000c2400000, size: 988 MB, Compressed Oops mode: Non-zero based: 0x00000000c2400000
Narrow klass base: 0x0000000000000000, Narrow klass shift: 0

GC Heap History (0 events):
No events

Deoptimization events (0 events):
No events

Classes redefined (0 events):
No events

Internal exceptions (0 events):
No events

Events (0 events):
No events


Dynamic libraries:
00400000-00401000 r-xp 00000000 08:01 574738                             /home/yair/clion-2019.2.5/jbr/bin/java
00601000-00602000 r--p 00001000 08:01 574738                             /home/yair/clion-2019.2.5/jbr/bin/java
00602000-00603000 rw-p 00002000 08:01 574738                             /home/yair/clion-2019.2.5/jbr/bin/java
023ea000-0240b000 rw-p 00000000 00:00 0                                  [heap]
c2400000-100000000 ---p 00000000 00:00 0 
7f5594000000-7f5594021000 rw-p 00000000 00:00 0 
7f5594021000-7f5598000000 ---p 00000000 00:00 0 
7f559c000000-7f559c021000 rw-p 00000000 00:00 0 
7f559c021000-7f55a0000000 ---p 00000000 00:00 0 
7f55a18be000-7f55a1c42000 rw-p 00000000 00:00 0 
7f55a1c42000-7f55a1c43000 ---p 00000000 00:00 0 
7f55a1c43000-7f55a1d44000 rw-p 00000000 00:00 0 
7f55a1d44000-7f55a4000000 ---p 00000000 00:00 0 
7f55a4000000-7f55a4021000 rw-p 00000000 00:00 0 
7f55a4021000-7f55a8000000 ---p 00000000 00:00 0 
7f55a802a000-7f55a802b000 ---p 00000000 00:00 0 
7f55a802b000-7f55a812c000 rw-p 00000000 00:00 0 
7f55a812c000-7f55a831a000 ---p 00000000 00:00 0 
7f55a831a000-7f55a851c000 rw-p 00000000 00:00 0 
7f55a851c000-7f55a851d000 ---p 00000000 00:00 0 
7f55a851d000-7f55a8623000 rw-p 00000000 00:00 0 
7f55a8623000-7f55a8709000 ---p 00000000 00:00 0 
7f55a8709000-7f55a8979000 rwxp 00000000 00:00 0 
7f55a8979000-7f55a8c98000 ---p 00000000 00:00 0 
7f55a8c98000-7f55a8f08000 rwxp 00000000 00:00 0 
7f55a8f08000-7f55b01d0000 ---p 00000000 00:00 0 
7f55b01d0000-7f55b0440000 rwxp 00000000 00:00 0 
7f55b0440000-7f55b7709000 ---p 00000000 00:00 0 
7f55b7709000-7f55bb5b9000 r--s 00000000 08:01 574721                     /home/yair/clion-2019.2.5/jbr/lib/modules
7f55bb5b9000-7f55bb5be000 r-xp 00000000 08:01 574700                     /home/yair/clion-2019.2.5/jbr/lib/libjimage.so
7f55bb5be000-7f55bb7be000 ---p 00005000 08:01 574700                     /home/yair/clion-2019.2.5/jbr/lib/libjimage.so
7f55bb7be000-7f55bb7bf000 r--p 00005000 08:01 574700                     /home/yair/clion-2019.2.5/jbr/lib/libjimage.so
7f55bb7bf000-7f55bb7c0000 rw-p 00006000 08:01 574700                     /home/yair/clion-2019.2.5/jbr/lib/libjimage.so
7f55bb7c0000-7f55bb7c7000 r-xp 00000000 08:01 574720                     /home/yair/clion-2019.2.5/jbr/lib/libzip.so
7f55bb7c7000-7f55bb9c6000 ---p 00007000 08:01 574720                     /home/yair/clion-2019.2.5/jbr/lib/libzip.so
7f55bb9c6000-7f55bb9c7000 r--p 00006000 08:01 574720                     /home/yair/clion-2019.2.5/jbr/lib/libzip.so
7f55bb9c7000-7f55bb9c8000 rw-p 00007000 08:01 574720                     /home/yair/clion-2019.2.5/jbr/lib/libzip.so
7f55bb9c8000-7f55bb9d3000 r-xp 00000000 08:01 528586                     /lib/x86_64-linux-gnu/libnss_files-2.27.so
7f55bb9d3000-7f55bbbd2000 ---p 0000b000 08:01 528586                     /lib/x86_64-linux-gnu/libnss_files-2.27.so
7f55bbbd2000-7f55bbbd3000 r--p 0000a000 08:01 528586                     /lib/x86_64-linux-gnu/libnss_files-2.27.so
7f55bbbd3000-7f55bbbd4000 rw-p 0000b000 08:01 528586                     /lib/x86_64-linux-gnu/libnss_files-2.27.so
7f55bbbd4000-7f55bbbda000 rw-p 00000000 00:00 0 
7f55bbbda000-7f55bbbf1000 r-xp 00000000 08:01 528580                     /lib/x86_64-linux-gnu/libnsl-2.27.so
7f55bbbf1000-7f55bbdf0000 ---p 00017000 08:01 528580                     /lib/x86_64-linux-gnu/libnsl-2.27.so
7f55bbdf0000-7f55bbdf1000 r--p 00016000 08:01 528580                     /lib/x86_64-linux-gnu/libnsl-2.27.so
7f55bbdf1000-7f55bbdf2000 rw-p 00017000 08:01 528580                     /lib/x86_64-linux-gnu/libnsl-2.27.so
7f55bbdf2000-7f55bbdf4000 rw-p 00000000 00:00 0 
7f55bbdf4000-7f55bbdff000 r-xp 00000000 08:01 528597                     /lib/x86_64-linux-gnu/libnss_nis-2.27.so
7f55bbdff000-7f55bbffe000 ---p 0000b000 08:01 528597                     /lib/x86_64-linux-gnu/libnss_nis-2.27.so
7f55bbffe000-7f55bbfff000 r--p 0000a000 08:01 528597                     /lib/x86_64-linux-gnu/libnss_nis-2.27.so
7f55bbfff000-7f55bc000000 rw-p 0000b000 08:01 528597                     /lib/x86_64-linux-gnu/libnss_nis-2.27.so
7f55bc000000-7f55bc052000 rw-p 00000000 00:00 0 
7f55bc052000-7f55c0000000 ---p 00000000 00:00 0 
7f55c00b5000-7f55c00ba000 rw-p 00000000 00:00 0 
7f55c00ba000-7f55c01a0000 ---p 00000000 00:00 0 
7f55c01a0000-7f55c01a8000 r-xp 00000000 08:01 528582                     /lib/x86_64-linux-gnu/libnss_compat-2.27.so
7f55c01a8000-7f55c03a8000 ---p 00008000 08:01 528582                     /lib/x86_64-linux-gnu/libnss_compat-2.27.so
7f55c03a8000-7f55c03a9000 r--p 00008000 08:01 528582                     /lib/x86_64-linux-gnu/libnss_compat-2.27.so
7f55c03a9000-7f55c03aa000 rw-p 00009000 08:01 528582                     /lib/x86_64-linux-gnu/libnss_compat-2.27.so
7f55c03aa000-7f55c03d3000 r-xp 00000000 08:01 574690                     /home/yair/clion-2019.2.5/jbr/lib/libjava.so
7f55c03d3000-7f55c05d2000 ---p 00029000 08:01 574690                     /home/yair/clion-2019.2.5/jbr/lib/libjava.so
7f55c05d2000-7f55c05d3000 r--p 00028000 08:01 574690                     /home/yair/clion-2019.2.5/jbr/lib/libjava.so
7f55c05d3000-7f55c05d5000 rw-p 00029000 08:01 574690                     /home/yair/clion-2019.2.5/jbr/lib/libjava.so
7f55c05d5000-7f55c05e2000 r-xp 00000000 08:01 574719                     /home/yair/clion-2019.2.5/jbr/lib/libverify.so
7f55c05e2000-7f55c07e1000 ---p 0000d000 08:01 574719                     /home/yair/clion-2019.2.5/jbr/lib/libverify.so
7f55c07e1000-7f55c07e3000 r--p 0000c000 08:01 574719                     /home/yair/clion-2019.2.5/jbr/lib/libverify.so
7f55c07e3000-7f55c07e4000 rw-p 0000e000 08:01 574719                     /home/yair/clion-2019.2.5/jbr/lib/libverify.so
7f55c07e4000-7f55c07eb000 r-xp 00000000 08:01 528637                     /lib/x86_64-linux-gnu/librt-2.27.so
7f55c07eb000-7f55c09ea000 ---p 00007000 08:01 528637                     /lib/x86_64-linux-gnu/librt-2.27.so
7f55c09ea000-7f55c09eb000 r--p 00006000 08:01 528637                     /lib/x86_64-linux-gnu/librt-2.27.so
7f55c09eb000-7f55c09ec000 rw-p 00007000 08:01 528637                     /lib/x86_64-linux-gnu/librt-2.27.so
7f55c09ec000-7f55c0a03000 r-xp 00000000 08:01 528533                     /lib/x86_64-linux-gnu/libgcc_s.so.1
7f55c0a03000-7f55c0c02000 ---p 00017000 08:01 528533                     /lib/x86_64-linux-gnu/libgcc_s.so.1
7f55c0c02000-7f55c0c03000 r--p 00016000 08:01 528533                     /lib/x86_64-linux-gnu/libgcc_s.so.1
7f55c0c03000-7f55c0c04000 rw-p 00017000 08:01 528533                     /lib/x86_64-linux-gnu/libgcc_s.so.1
7f55c0c04000-7f55c0da1000 r-xp 00000000 08:01 528559                     /lib/x86_64-linux-gnu/libm-2.27.so
7f55c0da1000-7f55c0fa0000 ---p 0019d000 08:01 528559                     /lib/x86_64-linux-gnu/libm-2.27.so
7f55c0fa0000-7f55c0fa1000 r--p 0019c000 08:01 528559                     /lib/x86_64-linux-gnu/libm-2.27.so
7f55c0fa1000-7f55c0fa2000 rw-p 0019d000 08:01 528559                     /lib/x86_64-linux-gnu/libm-2.27.so
7f55c0fa2000-7f55c111b000 r-xp 00000000 08:01 143251                     /usr/lib/x86_64-linux-gnu/libstdc++.so.6.0.25
7f55c111b000-7f55c131b000 ---p 00179000 08:01 143251                     /usr/lib/x86_64-linux-gnu/libstdc++.so.6.0.25
7f55c131b000-7f55c1325000 r--p 00179000 08:01 143251                     /usr/lib/x86_64-linux-gnu/libstdc++.so.6.0.25
7f55c1325000-7f55c1327000 rw-p 00183000 08:01 143251                     /usr/lib/x86_64-linux-gnu/libstdc++.so.6.0.25
7f55c1327000-7f55c132b000 rw-p 00000000 00:00 0 
7f55c132b000-7f55c23d4000 r-xp 00000000 08:01 574732                     /home/yair/clion-2019.2.5/jbr/lib/server/libjvm.so
7f55c23d4000-7f55c25d4000 ---p 010a9000 08:01 574732                     /home/yair/clion-2019.2.5/jbr/lib/server/libjvm.so
7f55c25d4000-7f55c26a2000 r--p 010a9000 08:01 574732                     /home/yair/clion-2019.2.5/jbr/lib/server/libjvm.so
7f55c26a2000-7f55c26dc000 rw-p 01177000 08:01 574732                     /home/yair/clion-2019.2.5/jbr/lib/server/libjvm.so
7f55c26dc000-7f55c2735000 rw-p 00000000 00:00 0 
7f55c2735000-7f55c291c000 r-xp 00000000 08:01 528496                     /lib/x86_64-linux-gnu/libc-2.27.so
7f55c291c000-7f55c2b1c000 ---p 001e7000 08:01 528496                     /lib/x86_64-linux-gnu/libc-2.27.so
7f55c2b1c000-7f55c2b20000 r--p 001e7000 08:01 528496                     /lib/x86_64-linux-gnu/libc-2.27.so
7f55c2b20000-7f55c2b22000 rw-p 001eb000 08:01 528496                     /lib/x86_64-linux-gnu/libc-2.27.so
7f55c2b22000-7f55c2b26000 rw-p 00000000 00:00 0 
7f55c2b26000-7f55c2b29000 r-xp 00000000 08:01 528519                     /lib/x86_64-linux-gnu/libdl-2.27.so
7f55c2b29000-7f55c2d28000 ---p 00003000 08:01 528519                     /lib/x86_64-linux-gnu/libdl-2.27.so
7f55c2d28000-7f55c2d29000 r--p 00002000 08:01 528519                     /lib/x86_64-linux-gnu/libdl-2.27.so
7f55c2d29000-7f55c2d2a000 rw-p 00003000 08:01 528519                     /lib/x86_64-linux-gnu/libdl-2.27.so
7f55c2d2a000-7f55c2d39000 r-xp 00000000 08:01 574667                     /home/yair/clion-2019.2.5/jbr/lib/jli/libjli.so
7f55c2d39000-7f55c2f38000 ---p 0000f000 08:01 574667                     /home/yair/clion-2019.2.5/jbr/lib/jli/libjli.so
7f55c2f38000-7f55c2f39000 r--p 0000e000 08:01 574667                     /home/yair/clion-2019.2.5/jbr/lib/jli/libjli.so
7f55c2f39000-7f55c2f3a000 rw-p 0000f000 08:01 574667                     /home/yair/clion-2019.2.5/jbr/lib/jli/libjli.so
7f55c2f3a000-7f55c2f54000 r-xp 00000000 08:01 528629                     /lib/x86_64-linux-gnu/libpthread-2.27.so
7f55c2f54000-7f55c3153000 ---p 0001a000 08:01 528629                     /lib/x86_64-linux-gnu/libpthread-2.27.so
7f55c3153000-7f55c3154000 r--p 00019000 08:01 528629                     /lib/x86_64-linux-gnu/libpthread-2.27.so
7f55c3154000-7f55c3155000 rw-p 0001a000 08:01 528629                     /lib/x86_64-linux-gnu/libpthread-2.27.so
7f55c3155000-7f55c3159000 rw-p 00000000 00:00 0 
7f55c3159000-7f55c3175000 r-xp 00000000 08:01 528670                     /lib/x86_64-linux-gnu/libz.so.1.2.11
7f55c3175000-7f55c3374000 ---p 0001c000 08:01 528670                     /lib/x86_64-linux-gnu/libz.so.1.2.11
7f55c3374000-7f55c3375000 r--p 0001b000 08:01 528670                     /lib/x86_64-linux-gnu/libz.so.1.2.11
7f55c3375000-7f55c3376000 rw-p 0001c000 08:01 528670                     /lib/x86_64-linux-gnu/libz.so.1.2.11
7f55c3376000-7f55c339d000 r-xp 00000000 08:01 528468                     /lib/x86_64-linux-gnu/ld-2.27.so
7f55c345c000-7f55c347d000 rw-p 00000000 00:00 0 
7f55c347d000-7f55c3481000 ---p 00000000 00:00 0 
7f55c3481000-7f55c3582000 rw-p 00000000 00:00 0 
7f55c3587000-7f55c358c000 rw-p 00000000 00:00 0 
7f55c358c000-7f55c3593000 ---p 00000000 00:00 0 
7f55c3593000-7f55c359b000 rw-s 00000000 08:01 578212                     /tmp/hsperfdata_yair/32475
7f55c359b000-7f55c359c000 ---p 00000000 00:00 0 
7f55c359c000-7f55c359d000 r--p 00000000 00:00 0 
7f55c359d000-7f55c359e000 r--p 00027000 08:01 528468                     /lib/x86_64-linux-gnu/ld-2.27.so
7f55c359e000-7f55c359f000 rw-p 00028000 08:01 528468                     /lib/x86_64-linux-gnu/ld-2.27.so
7f55c359f000-7f55c35a0000 rw-p 00000000 00:00 0 
7ffd2955d000-7ffd2957e000 rw-p 00000000 00:00 0                          [stack]
7ffd295cb000-7ffd295ce000 r--p 00000000 00:00 0                          [vvar]
7ffd295ce000-7ffd295d0000 r-xp 00000000 00:00 0                          [vdso]
ffffffffff600000-ffffffffff601000 r-xp 00000000 00:00 0                  [vsyscall]


VM Arguments:
java_command: org.jetbrains.git4idea.http.GitAskPassApp Username for 'https://github.com': 
java_class_path (initial): /home/yair/clion-2019.2.5/plugins/git4idea/lib/git4idea-rt.jar:/home/yair/clion-2019.2.5/lib/xmlrpc-2.0.1.jar:/home/yair/clion-2019.2.5/lib/commons-codec-1.13.jar:/home/yair/clion-2019.2.5/lib/util.jar
Launcher Type: SUN_STANDARD

[Global flags]
     intx CICompilerCount                          = 2                                         {product} {ergonomic}
     uint ConcGCThreads                            = 1                                         {product} {ergonomic}
     uint G1ConcRefinementThreads                  = 2                                         {product} {ergonomic}
   size_t G1HeapRegionSize                         = 1048576                                   {product} {ergonomic}
    uintx GCDrainStackTargetSize                   = 64                                        {product} {ergonomic}
   size_t InitialHeapSize                          = 65011712                                  {product} {ergonomic}
   size_t MarkStackSize                            = 4194304                                   {product} {ergonomic}
   size_t MaxHeapSize                              = 1035993088                                {product} {ergonomic}
   size_t MinHeapDeltaBytes                        = 1048576                                   {product} {ergonomic}
    uintx NonNMethodCodeHeapSize                   = 5824844                                {pd product} {ergonomic}
    uintx NonProfiledCodeHeapSize                  = 122916698                              {pd product} {ergonomic}
    uintx ProfiledCodeHeapSize                     = 122916698                              {pd product} {ergonomic}
    uintx ReservedCodeCacheSize                    = 251658240                              {pd product} {ergonomic}
     bool SegmentedCodeCache                       = true                                      {product} {ergonomic}
     bool UseCompressedClassPointers               = true                                 {lp64_product} {ergonomic}
     bool UseCompressedOops                        = true                                 {lp64_product} {ergonomic}
     bool UseG1GC                                  = true                                      {product} {ergonomic}

Logging:
Log output configuration:
 #0: stdout all=warning uptime,level,tags
 #1: stderr all=off uptime,level,tags

Environment Variables:
PATH=/usr/lib/git-core:/usr/local/sbin:/usr/local/bin:/usr/sbin:/usr/bin:/sbin:/bin:/usr/games:/usr/local/games
SHELL=/bin/bash
DISPLAY=:0

Signal Handlers:
SIGSEGV: [libjvm.so+0xd98670], sa_mask[0]=11111111011111111101111111111110, sa_flags=SA_RESTART|SA_SIGINFO
SIGBUS: [libjvm.so+0xd98670], sa_mask[0]=11111111011111111101111111111110, sa_flags=SA_RESTART|SA_SIGINFO
SIGFPE: [libjvm.so+0xd98670], sa_mask[0]=11111111011111111101111111111110, sa_flags=SA_RESTART|SA_SIGINFO
SIGPIPE: [libjvm.so+0xb99c10], sa_mask[0]=11111111011111111101111111111110, sa_flags=SA_RESTART|SA_SIGINFO
SIGXFSZ: [libjvm.so+0xb99c10], sa_mask[0]=11111111011111111101111111111110, sa_flags=SA_RESTART|SA_SIGINFO
SIGILL: [libjvm.so+0xd98670], sa_mask[0]=11111111011111111101111111111110, sa_flags=SA_RESTART|SA_SIGINFO
SIGUSR2: [libjvm.so+0xb99ab0], sa_mask[0]=00100000000000000000000000000000, sa_flags=SA_RESTART|SA_SIGINFO
SIGHUP: SIG_DFL, sa_mask[0]=00000000000000000000000000000000, sa_flags=none
SIGINT: SIG_DFL, sa_mask[0]=00000000000000000000000000000000, sa_flags=none
SIGTERM: SIG_DFL, sa_mask[0]=00000000000000000000000000000000, sa_flags=none
SIGQUIT: SIG_DFL, sa_mask[0]=00000000000000000000000000000000, sa_flags=none


---------------  S Y S T E M  ---------------

OS:DISTRIB_ID=LinuxMint
DISTRIB_RELEASE=19.2
DISTRIB_CODENAME=tina
DISTRIB_DESCRIPTION="Linux Mint 19.2 Tina"
uname:Linux 4.15.0-54-generic #58-Ubuntu SMP Mon Jun 24 10:55:24 UTC 2019 x86_64
libc:glibc 2.27 NPTL 2.27 
rlimit: STACK 8192k, CORE 0k, NPROC 15533, NOFILE 1048576, AS infinity, DATA infinity, FSIZE infinity
load average:5.79 4.41 2.61

/proc/meminfo:
MemTotal:        4039516 kB
MemFree:           93840 kB
MemAvailable:          0 kB
Buffers:             356 kB
Cached:           415856 kB
SwapCached:         1732 kB
Active:          3153772 kB
Inactive:         639496 kB
Active(anon):    3148572 kB
Inactive(anon):   629860 kB
Active(file):       5200 kB
Inactive(file):     9636 kB
Unevictable:          64 kB
Mlocked:              64 kB
SwapTotal:        947324 kB
SwapFree:              0 kB
Dirty:                12 kB
Writeback:             4 kB
AnonPages:       3375564 kB
Mapped:           210248 kB
Shmem:            401200 kB
Slab:              60028 kB
SReclaimable:      25964 kB
SUnreclaim:        34064 kB
KernelStack:       11344 kB
PageTables:        49812 kB
NFS_Unstable:          0 kB
Bounce:                0 kB
WritebackTmp:          0 kB
CommitLimit:     2967080 kB
Committed_AS:    8004912 kB
VmallocTotal:   34359738367 kB
VmallocUsed:           0 kB
VmallocChunk:          0 kB
HardwareCorrupted:     0 kB
AnonHugePages:         0 kB
ShmemHugePages:        0 kB
ShmemPmdMapped:        0 kB
CmaTotal:              0 kB
CmaFree:               0 kB
HugePages_Total:       0
HugePages_Free:        0
HugePages_Rsvd:        0
HugePages_Surp:        0
Hugepagesize:       2048 kB
DirectMap4k:      182208 kB
DirectMap2M:     4012032 kB


/proc/sys/kernel/threads-max (system-wide limit on the number of threads):
31066


/proc/sys/vm/max_map_count (maximum number of memory map areas a process may have):
65530


/proc/sys/kernel/pid_max (system-wide limit on number of process identifiers):
32768



container (cgroup) information:
container_type: cgroupv1
cpu_cpuset_cpus: 0-1
cpu_memory_nodes: 0
active_processor_count: 2
cpu_quota: -1
cpu_period: 100000
cpu_shares: -1
memory_limit_in_bytes: -1
memory_and_swap_limit_in_bytes: -2
memory_soft_limit_in_bytes: -1
memory_usage_in_bytes: 3883622400
memory_max_usage_in_bytes: 2072576

Steal ticks since vm start: 0
Steal ticks percentage since vm start:  0.000

CPU:total 2 (initial active 2) (2 cores per cpu, 1 threads per core) family 6 model 142 stepping 9, cmov, cx8, fxsr, mmx, sse, sse2, sse3, ssse3, sse4.1, sse4.2, popcnt, avx, avx2, aes, clmul, 3dnowpref, lzcnt, tsc, tscinvbit
CPU Model and flags from /proc/cpuinfo:
model name	: Intel(R) Core(TM) i5-7200U CPU @ 2.50GHz
flags		: fpu vme de pse tsc msr pae mce cx8 apic sep mtrr pge mca cmov pat pse36 clflush mmx fxsr sse sse2 ht syscall nx rdtscp lm constant_tsc rep_good nopl xtopology nonstop_tsc cpuid tsc_known_freq pni pclmulqdq ssse3 cx16 pcid sse4_1 sse4_2 x2apic movbe popcnt aes xsave avx rdrand hypervisor lahf_lm abm 3dnowprefetch invpcid_single pti fsgsbase avx2 invpcid rdseed clflushopt flush_l1d

Memory: 4k page, physical 4039516k(93220k free), swap 947324k(0k free)

vm_info: OpenJDK 64-Bit Server VM (11.0.4+10-b304.77) for linux-amd64 JRE (11.0.4+10-b304.77), built on Oct 10 2019 12:18:38 by "" with gcc 4.8.5 20150623 (Red Hat 4.8.5-36)

END.
