#
# There is insufficient memory for the Java Runtime Environment to continue.
# Native memory allocation (mmap) failed to map 33554432 bytes for committing reserved memory.
# Possible reasons:
#   The system is out of physical RAM or swap space
#   The process is running with CompressedOops enabled, and the Java Heap may be blocking the growth of the native heap
# Possible solutions:
#   Reduce memory load on the system
#   Increase physical memory or swap space
#   Check if swap backing store is full
#   Decrease Java heap size (-Xmx/-Xms)
#   Decrease number of Java threads
#   Decrease Java thread stack sizes (-Xss)
#   Set larger code cache with -XX:ReservedCodeCacheSize=
# This output file may be truncated or incomplete.
#
#  Out of Memory Error (os_linux.cpp:2884), pid=24883, tid=24884
#
# JRE version:  (11.0.4+10) (build )
# Java VM: OpenJDK 64-Bit Server VM (11.0.4+10-b304.77, mixed mode, aot, sharing, tiered, compressed oops, g1 gc, linux-amd64)
# Core dump will be written. Default location: Core dumps may be processed with "/lib/systemd/systemd-coredump %P %u %g %s %t 9223372036854775808 %e" (or dumping to /home/yair/CLionProjects/Searching-Algorithm-Server/core.24883)
#

---------------  S U M M A R Y ------------

Command Line: org.jetbrains.git4idea.http.GitAskPassApp Username for 'https://github.com': 

Host: Intel(R) Core(TM) i5-7200U CPU @ 2.50GHz, 2 cores, 3G, Linux Mint 19.2 Tina
Time: Fri Jan 17 14:50:38 2020 IST elapsed time: 0 seconds (0d 0h 0m 0s)

---------------  T H R E A D  ---------------

Current thread (0x00007f3a24012000):  JavaThread "Unknown thread" [_thread_in_vm, id=24884, stack(0x00007f3a2d226000,0x00007f3a2d327000)]

Stack: [0x00007f3a2d226000,0x00007f3a2d327000],  sp=0x00007f3a2d3254e0,  free space=1021k
Native frames: (J=compiled Java code, A=aot compiled Java code, j=interpreted, Vv=VM code, C=native code)
V  [libjvm.so+0xd9777a]  VMError::report_and_die(int, char const*, char const*, __va_list_tag*, Thread*, unsigned char*, void*, void*, char const*, int, unsigned long)+0x18a
V  [libjvm.so+0xd98613]  VMError::report_and_die(Thread*, char const*, int, unsigned long, VMErrorType, char const*, __va_list_tag*)+0x43
V  [libjvm.so+0x698dc8]  report_vm_out_of_memory(char const*, int, unsigned long, VMErrorType, char const*, ...)+0xe8
V  [libjvm.so+0xb9dac2]  os::pd_commit_memory(char*, unsigned long, bool)+0xc2
V  [libjvm.so+0xb9520f]  os::commit_memory(char*, unsigned long, bool)+0x1f
V  [libjvm.so+0x775294]  G1CMMarkStack::resize(unsigned long)+0x64
V  [libjvm.so+0x778c23]  G1ConcurrentMark::G1ConcurrentMark(G1CollectedHeap*, G1RegionToSpaceMapper*, G1RegionToSpaceMapper*)+0x603
V  [libjvm.so+0x764925]  G1CollectedHeap::initialize()+0x665
V  [libjvm.so+0xd5ae81]  Universe::initialize_heap()+0x41
V  [libjvm.so+0xd5b131]  universe_init()+0x41
V  [libjvm.so+0x8271ef]  init_globals()+0x5f
V  [libjvm.so+0xd3871c]  Threads::create_vm(JavaVMInitArgs*, bool*)+0x3dc
V  [libjvm.so+0x8ce74c]  JNI_CreateJavaVM+0x5c
C  [libjli.so+0x4814]  JavaMain+0x84


---------------  P R O C E S S  ---------------

Threads class SMR info:
_java_thread_list=0x0000000002109ff0, length=0, elements={
}

Java Threads: ( => current thread )

Other Threads:
  0x00007f3a24028000 GCTaskThread "GC Thread#0" [stack: 0x00007f3a2922c000,0x00007f3a2932c000] [id=24885]

[error occurred during error reporting (printing all threads), id 0xb, SIGSEGV (0xb) at pc=0x00007f3a2b8483b1]

VM state:not at safepoint (not fully initialized)

VM Mutex/Monitor currently owned by a thread:  ([mutex/lock_event])
[0x00007f3a2400ea60] Heap_lock - owner thread: 0x00007f3a24012000

Heap address: 0x00000000c2400000, size: 988 MB, Compressed Oops mode: Non-zero based: 0x00000000c2400000
Narrow klass base: 0x0000000000000000, Narrow klass shift: 0

GC Heap History (0 events):
No events

Deoptimization events (0 events):
No events

Classes redefined (0 events):
No events

Internal exceptions (0 events):
No events

Events (0 events):
No events


Dynamic libraries:
00400000-00401000 r-xp 00000000 08:01 574738                             /home/yair/clion-2019.2.5/jbr/bin/java
00601000-00602000 r--p 00001000 08:01 574738                             /home/yair/clion-2019.2.5/jbr/bin/java
00602000-00603000 rw-p 00002000 08:01 574738                             /home/yair/clion-2019.2.5/jbr/bin/java
020f2000-02113000 rw-p 00000000 00:00 0                                  [heap]
c2400000-100000000 ---p 00000000 00:00 0 
7f39fc000000-7f39fc021000 rw-p 00000000 00:00 0 
7f39fc021000-7f3a00000000 ---p 00000000 00:00 0 
7f3a04000000-7f3a04021000 rw-p 00000000 00:00 0 
7f3a04021000-7f3a08000000 ---p 00000000 00:00 0 
7f3a0b090000-7f3a0c000000 ---p 00000000 00:00 0 
7f3a0c000000-7f3a0c021000 rw-p 00000000 00:00 0 
7f3a0c021000-7f3a10000000 ---p 00000000 00:00 0 
7f3a101e0000-7f3a11150000 ---p 00000000 00:00 0 
7f3a11150000-7f3a113c0000 rwxp 00000000 00:00 0 
7f3a113c0000-7f3a116df000 ---p 00000000 00:00 0 
7f3a116df000-7f3a1194f000 rwxp 00000000 00:00 0 
7f3a1194f000-7f3a18c17000 ---p 00000000 00:00 0 
7f3a18c17000-7f3a18e87000 rwxp 00000000 00:00 0 
7f3a18e87000-7f3a20150000 ---p 00000000 00:00 0 
7f3a20150000-7f3a24000000 r--s 00000000 08:01 574721                     /home/yair/clion-2019.2.5/jbr/lib/modules
7f3a24000000-7f3a24052000 rw-p 00000000 00:00 0 
7f3a24052000-7f3a28000000 ---p 00000000 00:00 0 
7f3a284d6000-7f3a2885a000 rw-p 00000000 00:00 0 
7f3a2885a000-7f3a2885b000 ---p 00000000 00:00 0 
7f3a2885b000-7f3a2895c000 rw-p 00000000 00:00 0 
7f3a2895c000-7f3a2895d000 ---p 00000000 00:00 0 
7f3a2895d000-7f3a28a5e000 rw-p 00000000 00:00 0 
7f3a28a5e000-7f3a29028000 ---p 00000000 00:00 0 
7f3a29028000-7f3a2922a000 rw-p 00000000 00:00 0 
7f3a2922a000-7f3a2922b000 ---p 00000000 00:00 0 
7f3a2922b000-7f3a29331000 rw-p 00000000 00:00 0 
7f3a29331000-7f3a29417000 ---p 00000000 00:00 0 
7f3a29417000-7f3a2941c000 rw-p 00000000 00:00 0 
7f3a2941c000-7f3a29502000 ---p 00000000 00:00 0 
7f3a29502000-7f3a29507000 r-xp 00000000 08:01 574700                     /home/yair/clion-2019.2.5/jbr/lib/libjimage.so
7f3a29507000-7f3a29707000 ---p 00005000 08:01 574700                     /home/yair/clion-2019.2.5/jbr/lib/libjimage.so
7f3a29707000-7f3a29708000 r--p 00005000 08:01 574700                     /home/yair/clion-2019.2.5/jbr/lib/libjimage.so
7f3a29708000-7f3a29709000 rw-p 00006000 08:01 574700                     /home/yair/clion-2019.2.5/jbr/lib/libjimage.so
7f3a29709000-7f3a29710000 r-xp 00000000 08:01 574720                     /home/yair/clion-2019.2.5/jbr/lib/libzip.so
7f3a29710000-7f3a2990f000 ---p 00007000 08:01 574720                     /home/yair/clion-2019.2.5/jbr/lib/libzip.so
7f3a2990f000-7f3a29910000 r--p 00006000 08:01 574720                     /home/yair/clion-2019.2.5/jbr/lib/libzip.so
7f3a29910000-7f3a29911000 rw-p 00007000 08:01 574720                     /home/yair/clion-2019.2.5/jbr/lib/libzip.so
7f3a29911000-7f3a2991c000 r-xp 00000000 08:01 528586                     /lib/x86_64-linux-gnu/libnss_files-2.27.so
7f3a2991c000-7f3a29b1b000 ---p 0000b000 08:01 528586                     /lib/x86_64-linux-gnu/libnss_files-2.27.so
7f3a29b1b000-7f3a29b1c000 r--p 0000a000 08:01 528586                     /lib/x86_64-linux-gnu/libnss_files-2.27.so
7f3a29b1c000-7f3a29b1d000 rw-p 0000b000 08:01 528586                     /lib/x86_64-linux-gnu/libnss_files-2.27.so
7f3a29b1d000-7f3a29b23000 rw-p 00000000 00:00 0 
7f3a29b23000-7f3a29b3a000 r-xp 00000000 08:01 528580                     /lib/x86_64-linux-gnu/libnsl-2.27.so
7f3a29b3a000-7f3a29d39000 ---p 00017000 08:01 528580                     /lib/x86_64-linux-gnu/libnsl-2.27.so
7f3a29d39000-7f3a29d3a000 r--p 00016000 08:01 528580                     /lib/x86_64-linux-gnu/libnsl-2.27.so
7f3a29d3a000-7f3a29d3b000 rw-p 00017000 08:01 528580                     /lib/x86_64-linux-gnu/libnsl-2.27.so
7f3a29d3b000-7f3a29d3d000 rw-p 00000000 00:00 0 
7f3a29d3d000-7f3a29d48000 r-xp 00000000 08:01 528597                     /lib/x86_64-linux-gnu/libnss_nis-2.27.so
7f3a29d48000-7f3a29f47000 ---p 0000b000 08:01 528597                     /lib/x86_64-linux-gnu/libnss_nis-2.27.so
7f3a29f47000-7f3a29f48000 r--p 0000a000 08:01 528597                     /lib/x86_64-linux-gnu/libnss_nis-2.27.so
7f3a29f48000-7f3a29f49000 rw-p 0000b000 08:01 528597                     /lib/x86_64-linux-gnu/libnss_nis-2.27.so
7f3a29f49000-7f3a29f51000 r-xp 00000000 08:01 528582                     /lib/x86_64-linux-gnu/libnss_compat-2.27.so
7f3a29f51000-7f3a2a151000 ---p 00008000 08:01 528582                     /lib/x86_64-linux-gnu/libnss_compat-2.27.so
7f3a2a151000-7f3a2a152000 r--p 00008000 08:01 528582                     /lib/x86_64-linux-gnu/libnss_compat-2.27.so
7f3a2a152000-7f3a2a153000 rw-p 00009000 08:01 528582                     /lib/x86_64-linux-gnu/libnss_compat-2.27.so
7f3a2a153000-7f3a2a17c000 r-xp 00000000 08:01 574690                     /home/yair/clion-2019.2.5/jbr/lib/libjava.so
7f3a2a17c000-7f3a2a37b000 ---p 00029000 08:01 574690                     /home/yair/clion-2019.2.5/jbr/lib/libjava.so
7f3a2a37b000-7f3a2a37c000 r--p 00028000 08:01 574690                     /home/yair/clion-2019.2.5/jbr/lib/libjava.so
7f3a2a37c000-7f3a2a37e000 rw-p 00029000 08:01 574690                     /home/yair/clion-2019.2.5/jbr/lib/libjava.so
7f3a2a37e000-7f3a2a38b000 r-xp 00000000 08:01 574719                     /home/yair/clion-2019.2.5/jbr/lib/libverify.so
7f3a2a38b000-7f3a2a58a000 ---p 0000d000 08:01 574719                     /home/yair/clion-2019.2.5/jbr/lib/libverify.so
7f3a2a58a000-7f3a2a58c000 r--p 0000c000 08:01 574719                     /home/yair/clion-2019.2.5/jbr/lib/libverify.so
7f3a2a58c000-7f3a2a58d000 rw-p 0000e000 08:01 574719                     /home/yair/clion-2019.2.5/jbr/lib/libverify.so
7f3a2a58d000-7f3a2a594000 r-xp 00000000 08:01 528637                     /lib/x86_64-linux-gnu/librt-2.27.so
7f3a2a594000-7f3a2a793000 ---p 00007000 08:01 528637                     /lib/x86_64-linux-gnu/librt-2.27.so
7f3a2a793000-7f3a2a794000 r--p 00006000 08:01 528637                     /lib/x86_64-linux-gnu/librt-2.27.so
7f3a2a794000-7f3a2a795000 rw-p 00007000 08:01 528637                     /lib/x86_64-linux-gnu/librt-2.27.so
7f3a2a795000-7f3a2a7ac000 r-xp 00000000 08:01 528533                     /lib/x86_64-linux-gnu/libgcc_s.so.1
7f3a2a7ac000-7f3a2a9ab000 ---p 00017000 08:01 528533                     /lib/x86_64-linux-gnu/libgcc_s.so.1
7f3a2a9ab000-7f3a2a9ac000 r--p 00016000 08:01 528533                     /lib/x86_64-linux-gnu/libgcc_s.so.1
7f3a2a9ac000-7f3a2a9ad000 rw-p 00017000 08:01 528533                     /lib/x86_64-linux-gnu/libgcc_s.so.1
7f3a2a9ad000-7f3a2ab4a000 r-xp 00000000 08:01 528559                     /lib/x86_64-linux-gnu/libm-2.27.so
7f3a2ab4a000-7f3a2ad49000 ---p 0019d000 08:01 528559                     /lib/x86_64-linux-gnu/libm-2.27.so
7f3a2ad49000-7f3a2ad4a000 r--p 0019c000 08:01 528559                     /lib/x86_64-linux-gnu/libm-2.27.so
7f3a2ad4a000-7f3a2ad4b000 rw-p 0019d000 08:01 528559                     /lib/x86_64-linux-gnu/libm-2.27.so
7f3a2ad4b000-7f3a2aec4000 r-xp 00000000 08:01 143251                     /usr/lib/x86_64-linux-gnu/libstdc++.so.6.0.25
7f3a2aec4000-7f3a2b0c4000 ---p 00179000 08:01 143251                     /usr/lib/x86_64-linux-gnu/libstdc++.so.6.0.25
7f3a2b0c4000-7f3a2b0ce000 r--p 00179000 08:01 143251                     /usr/lib/x86_64-linux-gnu/libstdc++.so.6.0.25
7f3a2b0ce000-7f3a2b0d0000 rw-p 00183000 08:01 143251                     /usr/lib/x86_64-linux-gnu/libstdc++.so.6.0.25
7f3a2b0d0000-7f3a2b0d4000 rw-p 00000000 00:00 0 
7f3a2b0d4000-7f3a2c17d000 r-xp 00000000 08:01 574732                     /home/yair/clion-2019.2.5/jbr/lib/server/libjvm.so
7f3a2c17d000-7f3a2c37d000 ---p 010a9000 08:01 574732                     /home/yair/clion-2019.2.5/jbr/lib/server/libjvm.so
7f3a2c37d000-7f3a2c44b000 r--p 010a9000 08:01 574732                     /home/yair/clion-2019.2.5/jbr/lib/server/libjvm.so
7f3a2c44b000-7f3a2c485000 rw-p 01177000 08:01 574732                     /home/yair/clion-2019.2.5/jbr/lib/server/libjvm.so
7f3a2c485000-7f3a2c4de000 rw-p 00000000 00:00 0 
7f3a2c4de000-7f3a2c6c5000 r-xp 00000000 08:01 528496                     /lib/x86_64-linux-gnu/libc-2.27.so
7f3a2c6c5000-7f3a2c8c5000 ---p 001e7000 08:01 528496                     /lib/x86_64-linux-gnu/libc-2.27.so
7f3a2c8c5000-7f3a2c8c9000 r--p 001e7000 08:01 528496                     /lib/x86_64-linux-gnu/libc-2.27.so
7f3a2c8c9000-7f3a2c8cb000 rw-p 001eb000 08:01 528496                     /lib/x86_64-linux-gnu/libc-2.27.so
7f3a2c8cb000-7f3a2c8cf000 rw-p 00000000 00:00 0 
7f3a2c8cf000-7f3a2c8d2000 r-xp 00000000 08:01 528519                     /lib/x86_64-linux-gnu/libdl-2.27.so
7f3a2c8d2000-7f3a2cad1000 ---p 00003000 08:01 528519                     /lib/x86_64-linux-gnu/libdl-2.27.so
7f3a2cad1000-7f3a2cad2000 r--p 00002000 08:01 528519                     /lib/x86_64-linux-gnu/libdl-2.27.so
7f3a2cad2000-7f3a2cad3000 rw-p 00003000 08:01 528519                     /lib/x86_64-linux-gnu/libdl-2.27.so
7f3a2cad3000-7f3a2cae2000 r-xp 00000000 08:01 574667                     /home/yair/clion-2019.2.5/jbr/lib/jli/libjli.so
7f3a2cae2000-7f3a2cce1000 ---p 0000f000 08:01 574667                     /home/yair/clion-2019.2.5/jbr/lib/jli/libjli.so
7f3a2cce1000-7f3a2cce2000 r--p 0000e000 08:01 574667                     /home/yair/clion-2019.2.5/jbr/lib/jli/libjli.so
7f3a2cce2000-7f3a2cce3000 rw-p 0000f000 08:01 574667                     /home/yair/clion-2019.2.5/jbr/lib/jli/libjli.so
7f3a2cce3000-7f3a2ccfd000 r-xp 00000000 08:01 528629                     /lib/x86_64-linux-gnu/libpthread-2.27.so
7f3a2ccfd000-7f3a2cefc000 ---p 0001a000 08:01 528629                     /lib/x86_64-linux-gnu/libpthread-2.27.so
7f3a2cefc000-7f3a2cefd000 r--p 00019000 08:01 528629                     /lib/x86_64-linux-gnu/libpthread-2.27.so
7f3a2cefd000-7f3a2cefe000 rw-p 0001a000 08:01 528629                     /lib/x86_64-linux-gnu/libpthread-2.27.so
7f3a2cefe000-7f3a2cf02000 rw-p 00000000 00:00 0 
7f3a2cf02000-7f3a2cf1e000 r-xp 00000000 08:01 528670                     /lib/x86_64-linux-gnu/libz.so.1.2.11
7f3a2cf1e000-7f3a2d11d000 ---p 0001c000 08:01 528670                     /lib/x86_64-linux-gnu/libz.so.1.2.11
7f3a2d11d000-7f3a2d11e000 r--p 0001b000 08:01 528670                     /lib/x86_64-linux-gnu/libz.so.1.2.11
7f3a2d11e000-7f3a2d11f000 rw-p 0001c000 08:01 528670                     /lib/x86_64-linux-gnu/libz.so.1.2.11
7f3a2d11f000-7f3a2d146000 r-xp 00000000 08:01 528468                     /lib/x86_64-linux-gnu/ld-2.27.so
7f3a2d205000-7f3a2d226000 rw-p 00000000 00:00 0 
7f3a2d226000-7f3a2d22a000 ---p 00000000 00:00 0 
7f3a2d22a000-7f3a2d32b000 rw-p 00000000 00:00 0 
7f3a2d330000-7f3a2d335000 rw-p 00000000 00:00 0 
7f3a2d335000-7f3a2d33c000 ---p 00000000 00:00 0 
7f3a2d33c000-7f3a2d344000 rw-s 00000000 08:01 578154                     /tmp/hsperfdata_yair/24883
7f3a2d344000-7f3a2d345000 ---p 00000000 00:00 0 
7f3a2d345000-7f3a2d346000 r--p 00000000 00:00 0 
7f3a2d346000-7f3a2d347000 r--p 00027000 08:01 528468                     /lib/x86_64-linux-gnu/ld-2.27.so
7f3a2d347000-7f3a2d348000 rw-p 00028000 08:01 528468                     /lib/x86_64-linux-gnu/ld-2.27.so
7f3a2d348000-7f3a2d349000 rw-p 00000000 00:00 0 
7ffdbb25d000-7ffdbb27e000 rw-p 00000000 00:00 0                          [stack]
7ffdbb341000-7ffdbb344000 r--p 00000000 00:00 0                          [vvar]
7ffdbb344000-7ffdbb346000 r-xp 00000000 00:00 0                          [vdso]
ffffffffff600000-ffffffffff601000 r-xp 00000000 00:00 0                  [vsyscall]


VM Arguments:
java_command: org.jetbrains.git4idea.http.GitAskPassApp Username for 'https://github.com': 
java_class_path (initial): /home/yair/clion-2019.2.5/plugins/git4idea/lib/git4idea-rt.jar:/home/yair/clion-2019.2.5/lib/xmlrpc-2.0.1.jar:/home/yair/clion-2019.2.5/lib/commons-codec-1.13.jar:/home/yair/clion-2019.2.5/lib/util.jar
Launcher Type: SUN_STANDARD

[Global flags]
     intx CICompilerCount                          = 2                                         {product} {ergonomic}
     uint ConcGCThreads                            = 1                                         {product} {ergonomic}
     uint G1ConcRefinementThreads                  = 2                                         {product} {ergonomic}
   size_t G1HeapRegionSize                         = 1048576                                   {product} {ergonomic}
    uintx GCDrainStackTargetSize                   = 64                                        {product} {ergonomic}
   size_t InitialHeapSize                          = 65011712                                  {product} {ergonomic}
   size_t MarkStackSize                            = 4194304                                   {product} {ergonomic}
   size_t MaxHeapSize                              = 1035993088                                {product} {ergonomic}
   size_t MinHeapDeltaBytes                        = 1048576                                   {product} {ergonomic}
    uintx NonNMethodCodeHeapSize                   = 5824844                                {pd product} {ergonomic}
    uintx NonProfiledCodeHeapSize                  = 122916698                              {pd product} {ergonomic}
    uintx ProfiledCodeHeapSize                     = 122916698                              {pd product} {ergonomic}
    uintx ReservedCodeCacheSize                    = 251658240                              {pd product} {ergonomic}
     bool SegmentedCodeCache                       = true                                      {product} {ergonomic}
     bool UseCompressedClassPointers               = true                                 {lp64_product} {ergonomic}
     bool UseCompressedOops                        = true                                 {lp64_product} {ergonomic}
     bool UseG1GC                                  = true                                      {product} {ergonomic}

Logging:
Log output configuration:
 #0: stdout all=warning uptime,level,tags
 #1: stderr all=off uptime,level,tags

Environment Variables:
PATH=/usr/lib/git-core:/usr/lib/git-core:/usr/local/sbin:/usr/local/bin:/usr/sbin:/usr/bin:/sbin:/bin:/usr/games:/usr/local/games
SHELL=/bin/bash
DISPLAY=:0

Signal Handlers:
SIGSEGV: [libjvm.so+0xd98670], sa_mask[0]=11111111011111111101111111111110, sa_flags=SA_RESTART|SA_SIGINFO
SIGBUS: [libjvm.so+0xd98670], sa_mask[0]=11111111011111111101111111111110, sa_flags=SA_RESTART|SA_SIGINFO
SIGFPE: [libjvm.so+0xd98670], sa_mask[0]=11111111011111111101111111111110, sa_flags=SA_RESTART|SA_SIGINFO
SIGPIPE: [libjvm.so+0xb99c10], sa_mask[0]=11111111011111111101111111111110, sa_flags=SA_RESTART|SA_SIGINFO
SIGXFSZ: [libjvm.so+0xb99c10], sa_mask[0]=11111111011111111101111111111110, sa_flags=SA_RESTART|SA_SIGINFO
SIGILL: [libjvm.so+0xd98670], sa_mask[0]=11111111011111111101111111111110, sa_flags=SA_RESTART|SA_SIGINFO
SIGUSR2: [libjvm.so+0xb99ab0], sa_mask[0]=00100000000000000000000000000000, sa_flags=SA_RESTART|SA_SIGINFO
SIGHUP: SIG_DFL, sa_mask[0]=00000000000000000000000000000000, sa_flags=none
SIGINT: SIG_DFL, sa_mask[0]=00000000000000000000000000000000, sa_flags=none
SIGTERM: SIG_DFL, sa_mask[0]=00000000000000000000000000000000, sa_flags=none
SIGQUIT: SIG_DFL, sa_mask[0]=00000000000000000000000000000000, sa_flags=none


---------------  S Y S T E M  ---------------

OS:DISTRIB_ID=LinuxMint
DISTRIB_RELEASE=19.2
DISTRIB_CODENAME=tina
DISTRIB_DESCRIPTION="Linux Mint 19.2 Tina"
uname:Linux 4.15.0-54-generic #58-Ubuntu SMP Mon Jun 24 10:55:24 UTC 2019 x86_64
libc:glibc 2.27 NPTL 2.27 
rlimit: STACK 8192k, CORE 0k, NPROC 15533, NOFILE 1048576, AS infinity, DATA infinity, FSIZE infinity
load average:4.79 2.40 1.26

/proc/meminfo:
MemTotal:        4039516 kB
MemFree:           85668 kB
MemAvailable:          0 kB
Buffers:             324 kB
Cached:           187564 kB
SwapCached:         1480 kB
Active:          3166844 kB
Inactive:         648060 kB
Active(anon):    3150456 kB
Inactive(anon):   630124 kB
Active(file):      16388 kB
Inactive(file):    17936 kB
Unevictable:          48 kB
Mlocked:              48 kB
SwapTotal:        947324 kB
SwapFree:              8 kB
Dirty:                56 kB
Writeback:           768 kB
AnonPages:       3625996 kB
Mapped:            75840 kB
Shmem:            153604 kB
Slab:              55616 kB
SReclaimable:      24800 kB
SUnreclaim:        30816 kB
KernelStack:        9952 kB
PageTables:        44456 kB
NFS_Unstable:          0 kB
Bounce:                0 kB
WritebackTmp:          0 kB
CommitLimit:     2967080 kB
Committed_AS:    6979668 kB
VmallocTotal:   34359738367 kB
VmallocUsed:           0 kB
VmallocChunk:          0 kB
HardwareCorrupted:     0 kB
AnonHugePages:         0 kB
ShmemHugePages:        0 kB
ShmemPmdMapped:        0 kB
CmaTotal:              0 kB
CmaFree:               0 kB
HugePages_Total:       0
HugePages_Free:        0
HugePages_Rsvd:        0
HugePages_Surp:        0
Hugepagesize:       2048 kB
DirectMap4k:      153536 kB
DirectMap2M:     4040704 kB


/proc/sys/kernel/threads-max (system-wide limit on the number of threads):
31066


/proc/sys/vm/max_map_count (maximum number of memory map areas a process may have):
65530


/proc/sys/kernel/pid_max (system-wide limit on number of process identifiers):
32768



container (cgroup) information:
container_type: cgroupv1
cpu_cpuset_cpus: 0-1
cpu_memory_nodes: 0
active_processor_count: 2
cpu_quota: -1
cpu_period: 100000
cpu_shares: -1
memory_limit_in_bytes: -1
memory_and_swap_limit_in_bytes: -2
memory_soft_limit_in_bytes: -1
memory_usage_in_bytes: 3906342912
memory_max_usage_in_bytes: 0

Steal ticks since vm start: 0
Steal ticks percentage since vm start:  0.000

CPU:total 2 (initial active 2) (2 cores per cpu, 1 threads per core) family 6 model 142 stepping 9, cmov, cx8, fxsr, mmx, sse, sse2, sse3, ssse3, sse4.1, sse4.2, popcnt, avx, avx2, aes, clmul, 3dnowpref, lzcnt, tsc, tscinvbit
CPU Model and flags from /proc/cpuinfo:
model name	: Intel(R) Core(TM) i5-7200U CPU @ 2.50GHz
flags		: fpu vme de pse tsc msr pae mce cx8 apic sep mtrr pge mca cmov pat pse36 clflush mmx fxsr sse sse2 ht syscall nx rdtscp lm constant_tsc rep_good nopl xtopology nonstop_tsc cpuid tsc_known_freq pni pclmulqdq ssse3 cx16 pcid sse4_1 sse4_2 x2apic movbe popcnt aes xsave avx rdrand hypervisor lahf_lm abm 3dnowprefetch invpcid_single pti fsgsbase avx2 invpcid rdseed clflushopt flush_l1d

Memory: 4k page, physical 4039516k(85668k free), swap 947324k(8k free)

vm_info: OpenJDK 64-Bit Server VM (11.0.4+10-b304.77) for linux-amd64 JRE (11.0.4+10-b304.77), built on Oct 10 2019 12:18:38 by "" with gcc 4.8.5 20150623 (Red Hat 4.8.5-36)

END.
