#
# There is insufficient memory for the Java Runtime Environment to continue.
# Native memory allocation (mmap) failed to map 65011712 bytes for committing reserved memory.
# Possible reasons:
#   The system is out of physical RAM or swap space
#   The process is running with CompressedOops enabled, and the Java Heap may be blocking the growth of the native heap
# Possible solutions:
#   Reduce memory load on the system
#   Increase physical memory or swap space
#   Check if swap backing store is full
#   Decrease Java heap size (-Xmx/-Xms)
#   Decrease number of Java threads
#   Decrease Java thread stack sizes (-Xss)
#   Set larger code cache with -XX:ReservedCodeCacheSize=
# This output file may be truncated or incomplete.
#
#  Out of Memory Error (os_linux.cpp:2884), pid=23726, tid=23727
#
# JRE version:  (11.0.4+10) (build )
# Java VM: OpenJDK 64-Bit Server VM (11.0.4+10-b304.77, mixed mode, aot, sharing, tiered, compressed oops, g1 gc, linux-amd64)
# Core dump will be written. Default location: Core dumps may be processed with "/lib/systemd/systemd-coredump %P %u %g %s %t 9223372036854775808 %e" (or dumping to /home/yair/CLionProjects/Searching-Algorithm-Server/core.23726)
#

---------------  S U M M A R Y ------------

Command Line: org.jetbrains.git4idea.http.GitAskPassApp Username for 'https://github.com': 

Host: Intel(R) Core(TM) i5-7200U CPU @ 2.50GHz, 2 cores, 3G, Linux Mint 19.2 Tina
Time: Fri Jan 17 12:48:10 2020 IST elapsed time: 0 seconds (0d 0h 0m 0s)

---------------  T H R E A D  ---------------

Current thread (0x00007f4608012000):  JavaThread "Unknown thread" [_thread_in_vm, id=23727, stack(0x00007f46119be000,0x00007f4611abf000)]

Stack: [0x00007f46119be000,0x00007f4611abf000],  sp=0x00007f4611abd220,  free space=1020k
Native frames: (J=compiled Java code, A=aot compiled Java code, j=interpreted, Vv=VM code, C=native code)
V  [libjvm.so+0xd9777a]  VMError::report_and_die(int, char const*, char const*, __va_list_tag*, Thread*, unsigned char*, void*, void*, char const*, int, unsigned long)+0x18a
V  [libjvm.so+0xd98613]  VMError::report_and_die(Thread*, char const*, int, unsigned long, VMErrorType, char const*, __va_list_tag*)+0x43
V  [libjvm.so+0x698dc8]  report_vm_out_of_memory(char const*, int, unsigned long, VMErrorType, char const*, ...)+0xe8
V  [libjvm.so+0xb9e069]  os::pd_commit_memory_or_exit(char*, unsigned long, unsigned long, bool, char const*)+0xe9
V  [libjvm.so+0xb956bd]  os::commit_memory_or_exit(char*, unsigned long, unsigned long, bool, char const*)+0x1d
V  [libjvm.so+0x7a0591]  G1PageBasedVirtualSpace::commit_preferred_pages(unsigned long, unsigned long)+0x71
V  [libjvm.so+0x7a06e5]  G1PageBasedVirtualSpace::commit_internal(unsigned long, unsigned long)+0x85
V  [libjvm.so+0x7a08da]  G1PageBasedVirtualSpace::commit(unsigned long, unsigned long)+0x10a
V  [libjvm.so+0x7a8196]  G1RegionsLargerThanCommitSizeMapper::commit_regions(unsigned int, unsigned long, WorkGang*)+0x46
V  [libjvm.so+0x8108a8]  HeapRegionManager::commit_regions(unsigned int, unsigned long, WorkGang*)+0x88
V  [libjvm.so+0x811404]  HeapRegionManager::make_regions_available(unsigned int, unsigned int, WorkGang*)+0x34
V  [libjvm.so+0x811909]  HeapRegionManager::expand_by(unsigned int, WorkGang*)+0x79
V  [libjvm.so+0x764260]  G1CollectedHeap::expand(unsigned long, WorkGang*, double*)+0xc0
V  [libjvm.so+0x764955]  G1CollectedHeap::initialize()+0x695
V  [libjvm.so+0xd5ae81]  Universe::initialize_heap()+0x41
V  [libjvm.so+0xd5b131]  universe_init()+0x41
V  [libjvm.so+0x8271ef]  init_globals()+0x5f
V  [libjvm.so+0xd3871c]  Threads::create_vm(JavaVMInitArgs*, bool*)+0x3dc
V  [libjvm.so+0x8ce74c]  JNI_CreateJavaVM+0x5c
C  [libjli.so+0x4814]  JavaMain+0x84


---------------  P R O C E S S  ---------------

Threads class SMR info:
_java_thread_list=0x00000000012e3ff0, length=0, elements={
}

Java Threads: ( => current thread )

Other Threads:
  0x00007f4608028000 GCTaskThread "GC Thread#0" [stack: 0x00007f460d9c4000,0x00007f460dac4000] [id=23728]
  0x00007f4608043000 ConcurrentGCThread "G1 Main Marker" [stack: 0x00007f460c186000,0x00007f460c286000] [id=23729]
  0x00007f4608045000 ConcurrentGCThread "G1 Conc#0" [stack: 0x00007f460c084000,0x00007f460c184000] [id=23730]

[error occurred during error reporting (printing all threads), id 0xb, SIGSEGV (0xb) at pc=0x00007f460ffeb465]

VM state:not at safepoint (not fully initialized)

VM Mutex/Monitor currently owned by a thread:  ([mutex/lock_event])
[0x00007f460800ea60] Heap_lock - owner thread: 0x00007f4608012000

Heap address: 0x00000000c2400000, size: 988 MB, Compressed Oops mode: Non-zero based: 0x00000000c2400000
Narrow klass base: 0x0000000000000000, Narrow klass shift: 0

GC Heap History (0 events):
No events

Deoptimization events (0 events):
No events

Classes redefined (0 events):
No events

Internal exceptions (0 events):
No events

Events (0 events):
No events


Dynamic libraries:
00400000-00401000 r-xp 00000000 08:01 574738                             /home/yair/clion-2019.2.5/jbr/bin/java
00601000-00602000 r--p 00001000 08:01 574738                             /home/yair/clion-2019.2.5/jbr/bin/java
00602000-00603000 rw-p 00002000 08:01 574738                             /home/yair/clion-2019.2.5/jbr/bin/java
012cc000-012ed000 rw-p 00000000 00:00 0                                  [heap]
c6200000-100000000 ---p 00000000 00:00 0 
7f45e5b7b000-7f45e8000000 rw-p 00000000 00:00 0 
7f45e8000000-7f45e8021000 rw-p 00000000 00:00 0 
7f45e8021000-7f45ec000000 ---p 00000000 00:00 0 
7f45ec000000-7f45ec021000 rw-p 00000000 00:00 0 
7f45ec021000-7f45f0000000 ---p 00000000 00:00 0 
7f45f0000000-7f45f0021000 rw-p 00000000 00:00 0 
7f45f0021000-7f45f4000000 ---p 00000000 00:00 0 
7f45f40df000-7f45f41e0000 rw-p 00000000 00:00 0 
7f45f41e0000-7f45f5150000 ---p 00000000 00:00 0 
7f45f5150000-7f45f53c0000 rwxp 00000000 00:00 0 
7f45f53c0000-7f45f56df000 ---p 00000000 00:00 0 
7f45f56df000-7f45f594f000 rwxp 00000000 00:00 0 
7f45f594f000-7f45fcc17000 ---p 00000000 00:00 0 
7f45fcc17000-7f45fce87000 rwxp 00000000 00:00 0 
7f45fce87000-7f4604150000 ---p 00000000 00:00 0 
7f4604150000-7f4608000000 r--s 00000000 08:01 574721                     /home/yair/clion-2019.2.5/jbr/lib/modules
7f4608000000-7f460805a000 rw-p 00000000 00:00 0 
7f460805a000-7f460c000000 ---p 00000000 00:00 0 
7f460c082000-7f460c083000 ---p 00000000 00:00 0 
7f460c083000-7f460c184000 rw-p 00000000 00:00 0 
7f460c184000-7f460c185000 ---p 00000000 00:00 0 
7f460c185000-7f460c286000 rw-p 00000000 00:00 0 
7f460c286000-7f460d7c0000 ---p 00000000 00:00 0 
7f460d7c0000-7f460d9c2000 rw-p 00000000 00:00 0 
7f460d9c2000-7f460d9c3000 ---p 00000000 00:00 0 
7f460d9c3000-7f460dac9000 rw-p 00000000 00:00 0 
7f460dac9000-7f460dbaf000 ---p 00000000 00:00 0 
7f460dbaf000-7f460dbb4000 rw-p 00000000 00:00 0 
7f460dbb4000-7f460dc9a000 ---p 00000000 00:00 0 
7f460dc9a000-7f460dc9f000 r-xp 00000000 08:01 574700                     /home/yair/clion-2019.2.5/jbr/lib/libjimage.so
7f460dc9f000-7f460de9f000 ---p 00005000 08:01 574700                     /home/yair/clion-2019.2.5/jbr/lib/libjimage.so
7f460de9f000-7f460dea0000 r--p 00005000 08:01 574700                     /home/yair/clion-2019.2.5/jbr/lib/libjimage.so
7f460dea0000-7f460dea1000 rw-p 00006000 08:01 574700                     /home/yair/clion-2019.2.5/jbr/lib/libjimage.so
7f460dea1000-7f460dea8000 r-xp 00000000 08:01 574720                     /home/yair/clion-2019.2.5/jbr/lib/libzip.so
7f460dea8000-7f460e0a7000 ---p 00007000 08:01 574720                     /home/yair/clion-2019.2.5/jbr/lib/libzip.so
7f460e0a7000-7f460e0a8000 r--p 00006000 08:01 574720                     /home/yair/clion-2019.2.5/jbr/lib/libzip.so
7f460e0a8000-7f460e0a9000 rw-p 00007000 08:01 574720                     /home/yair/clion-2019.2.5/jbr/lib/libzip.so
7f460e0a9000-7f460e0b4000 r-xp 00000000 08:01 528586                     /lib/x86_64-linux-gnu/libnss_files-2.27.so
7f460e0b4000-7f460e2b3000 ---p 0000b000 08:01 528586                     /lib/x86_64-linux-gnu/libnss_files-2.27.so
7f460e2b3000-7f460e2b4000 r--p 0000a000 08:01 528586                     /lib/x86_64-linux-gnu/libnss_files-2.27.so
7f460e2b4000-7f460e2b5000 rw-p 0000b000 08:01 528586                     /lib/x86_64-linux-gnu/libnss_files-2.27.so
7f460e2b5000-7f460e2bb000 rw-p 00000000 00:00 0 
7f460e2bb000-7f460e2d2000 r-xp 00000000 08:01 528580                     /lib/x86_64-linux-gnu/libnsl-2.27.so
7f460e2d2000-7f460e4d1000 ---p 00017000 08:01 528580                     /lib/x86_64-linux-gnu/libnsl-2.27.so
7f460e4d1000-7f460e4d2000 r--p 00016000 08:01 528580                     /lib/x86_64-linux-gnu/libnsl-2.27.so
7f460e4d2000-7f460e4d3000 rw-p 00017000 08:01 528580                     /lib/x86_64-linux-gnu/libnsl-2.27.so
7f460e4d3000-7f460e4d5000 rw-p 00000000 00:00 0 
7f460e4d5000-7f460e4e0000 r-xp 00000000 08:01 528597                     /lib/x86_64-linux-gnu/libnss_nis-2.27.so
7f460e4e0000-7f460e6df000 ---p 0000b000 08:01 528597                     /lib/x86_64-linux-gnu/libnss_nis-2.27.so
7f460e6df000-7f460e6e0000 r--p 0000a000 08:01 528597                     /lib/x86_64-linux-gnu/libnss_nis-2.27.so
7f460e6e0000-7f460e6e1000 rw-p 0000b000 08:01 528597                     /lib/x86_64-linux-gnu/libnss_nis-2.27.so
7f460e6e1000-7f460e6e9000 r-xp 00000000 08:01 528582                     /lib/x86_64-linux-gnu/libnss_compat-2.27.so
7f460e6e9000-7f460e8e9000 ---p 00008000 08:01 528582                     /lib/x86_64-linux-gnu/libnss_compat-2.27.so
7f460e8e9000-7f460e8ea000 r--p 00008000 08:01 528582                     /lib/x86_64-linux-gnu/libnss_compat-2.27.so
7f460e8ea000-7f460e8eb000 rw-p 00009000 08:01 528582                     /lib/x86_64-linux-gnu/libnss_compat-2.27.so
7f460e8eb000-7f460e914000 r-xp 00000000 08:01 574690                     /home/yair/clion-2019.2.5/jbr/lib/libjava.so
7f460e914000-7f460eb13000 ---p 00029000 08:01 574690                     /home/yair/clion-2019.2.5/jbr/lib/libjava.so
7f460eb13000-7f460eb14000 r--p 00028000 08:01 574690                     /home/yair/clion-2019.2.5/jbr/lib/libjava.so
7f460eb14000-7f460eb16000 rw-p 00029000 08:01 574690                     /home/yair/clion-2019.2.5/jbr/lib/libjava.so
7f460eb16000-7f460eb23000 r-xp 00000000 08:01 574719                     /home/yair/clion-2019.2.5/jbr/lib/libverify.so
7f460eb23000-7f460ed22000 ---p 0000d000 08:01 574719                     /home/yair/clion-2019.2.5/jbr/lib/libverify.so
7f460ed22000-7f460ed24000 r--p 0000c000 08:01 574719                     /home/yair/clion-2019.2.5/jbr/lib/libverify.so
7f460ed24000-7f460ed25000 rw-p 0000e000 08:01 574719                     /home/yair/clion-2019.2.5/jbr/lib/libverify.so
7f460ed25000-7f460ed2c000 r-xp 00000000 08:01 528637                     /lib/x86_64-linux-gnu/librt-2.27.so
7f460ed2c000-7f460ef2b000 ---p 00007000 08:01 528637                     /lib/x86_64-linux-gnu/librt-2.27.so
7f460ef2b000-7f460ef2c000 r--p 00006000 08:01 528637                     /lib/x86_64-linux-gnu/librt-2.27.so
7f460ef2c000-7f460ef2d000 rw-p 00007000 08:01 528637                     /lib/x86_64-linux-gnu/librt-2.27.so
7f460ef2d000-7f460ef44000 r-xp 00000000 08:01 528533                     /lib/x86_64-linux-gnu/libgcc_s.so.1
7f460ef44000-7f460f143000 ---p 00017000 08:01 528533                     /lib/x86_64-linux-gnu/libgcc_s.so.1
7f460f143000-7f460f144000 r--p 00016000 08:01 528533                     /lib/x86_64-linux-gnu/libgcc_s.so.1
7f460f144000-7f460f145000 rw-p 00017000 08:01 528533                     /lib/x86_64-linux-gnu/libgcc_s.so.1
7f460f145000-7f460f2e2000 r-xp 00000000 08:01 528559                     /lib/x86_64-linux-gnu/libm-2.27.so
7f460f2e2000-7f460f4e1000 ---p 0019d000 08:01 528559                     /lib/x86_64-linux-gnu/libm-2.27.so
7f460f4e1000-7f460f4e2000 r--p 0019c000 08:01 528559                     /lib/x86_64-linux-gnu/libm-2.27.so
7f460f4e2000-7f460f4e3000 rw-p 0019d000 08:01 528559                     /lib/x86_64-linux-gnu/libm-2.27.so
7f460f4e3000-7f460f65c000 r-xp 00000000 08:01 143251                     /usr/lib/x86_64-linux-gnu/libstdc++.so.6.0.25
7f460f65c000-7f460f85c000 ---p 00179000 08:01 143251                     /usr/lib/x86_64-linux-gnu/libstdc++.so.6.0.25
7f460f85c000-7f460f866000 r--p 00179000 08:01 143251                     /usr/lib/x86_64-linux-gnu/libstdc++.so.6.0.25
7f460f866000-7f460f868000 rw-p 00183000 08:01 143251                     /usr/lib/x86_64-linux-gnu/libstdc++.so.6.0.25
7f460f868000-7f460f86c000 rw-p 00000000 00:00 0 
7f460f86c000-7f4610915000 r-xp 00000000 08:01 574732                     /home/yair/clion-2019.2.5/jbr/lib/server/libjvm.so
7f4610915000-7f4610b15000 ---p 010a9000 08:01 574732                     /home/yair/clion-2019.2.5/jbr/lib/server/libjvm.so
7f4610b15000-7f4610be3000 r--p 010a9000 08:01 574732                     /home/yair/clion-2019.2.5/jbr/lib/server/libjvm.so
7f4610be3000-7f4610c1d000 rw-p 01177000 08:01 574732                     /home/yair/clion-2019.2.5/jbr/lib/server/libjvm.so
7f4610c1d000-7f4610c76000 rw-p 00000000 00:00 0 
7f4610c76000-7f4610e5d000 r-xp 00000000 08:01 528496                     /lib/x86_64-linux-gnu/libc-2.27.so
7f4610e5d000-7f461105d000 ---p 001e7000 08:01 528496                     /lib/x86_64-linux-gnu/libc-2.27.so
7f461105d000-7f4611061000 r--p 001e7000 08:01 528496                     /lib/x86_64-linux-gnu/libc-2.27.so
7f4611061000-7f4611063000 rw-p 001eb000 08:01 528496                     /lib/x86_64-linux-gnu/libc-2.27.so
7f4611063000-7f4611067000 rw-p 00000000 00:00 0 
7f4611067000-7f461106a000 r-xp 00000000 08:01 528519                     /lib/x86_64-linux-gnu/libdl-2.27.so
7f461106a000-7f4611269000 ---p 00003000 08:01 528519                     /lib/x86_64-linux-gnu/libdl-2.27.so
7f4611269000-7f461126a000 r--p 00002000 08:01 528519                     /lib/x86_64-linux-gnu/libdl-2.27.so
7f461126a000-7f461126b000 rw-p 00003000 08:01 528519                     /lib/x86_64-linux-gnu/libdl-2.27.so
7f461126b000-7f461127a000 r-xp 00000000 08:01 574667                     /home/yair/clion-2019.2.5/jbr/lib/jli/libjli.so
7f461127a000-7f4611479000 ---p 0000f000 08:01 574667                     /home/yair/clion-2019.2.5/jbr/lib/jli/libjli.so
7f4611479000-7f461147a000 r--p 0000e000 08:01 574667                     /home/yair/clion-2019.2.5/jbr/lib/jli/libjli.so
7f461147a000-7f461147b000 rw-p 0000f000 08:01 574667                     /home/yair/clion-2019.2.5/jbr/lib/jli/libjli.so
7f461147b000-7f4611495000 r-xp 00000000 08:01 528629                     /lib/x86_64-linux-gnu/libpthread-2.27.so
7f4611495000-7f4611694000 ---p 0001a000 08:01 528629                     /lib/x86_64-linux-gnu/libpthread-2.27.so
7f4611694000-7f4611695000 r--p 00019000 08:01 528629                     /lib/x86_64-linux-gnu/libpthread-2.27.so
7f4611695000-7f4611696000 rw-p 0001a000 08:01 528629                     /lib/x86_64-linux-gnu/libpthread-2.27.so
7f4611696000-7f461169a000 rw-p 00000000 00:00 0 
7f461169a000-7f46116b6000 r-xp 00000000 08:01 528670                     /lib/x86_64-linux-gnu/libz.so.1.2.11
7f46116b6000-7f46118b5000 ---p 0001c000 08:01 528670                     /lib/x86_64-linux-gnu/libz.so.1.2.11
7f46118b5000-7f46118b6000 r--p 0001b000 08:01 528670                     /lib/x86_64-linux-gnu/libz.so.1.2.11
7f46118b6000-7f46118b7000 rw-p 0001c000 08:01 528670                     /lib/x86_64-linux-gnu/libz.so.1.2.11
7f46118b7000-7f46118de000 r-xp 00000000 08:01 528468                     /lib/x86_64-linux-gnu/ld-2.27.so
7f461199d000-7f46119be000 rw-p 00000000 00:00 0 
7f46119be000-7f46119c2000 ---p 00000000 00:00 0 
7f46119c2000-7f4611ac3000 rw-p 00000000 00:00 0 
7f4611ac8000-7f4611acd000 rw-p 00000000 00:00 0 
7f4611acd000-7f4611ad4000 ---p 00000000 00:00 0 
7f4611ad4000-7f4611adc000 rw-s 00000000 08:01 578154                     /tmp/hsperfdata_yair/23726
7f4611adc000-7f4611add000 ---p 00000000 00:00 0 
7f4611add000-7f4611ade000 r--p 00000000 00:00 0 
7f4611ade000-7f4611adf000 r--p 00027000 08:01 528468                     /lib/x86_64-linux-gnu/ld-2.27.so
7f4611adf000-7f4611ae0000 rw-p 00028000 08:01 528468                     /lib/x86_64-linux-gnu/ld-2.27.so
7f4611ae0000-7f4611ae1000 rw-p 00000000 00:00 0 
7ffe81212000-7ffe81233000 rw-p 00000000 00:00 0                          [stack]
7ffe813b1000-7ffe813b4000 r--p 00000000 00:00 0                          [vvar]
7ffe813b4000-7ffe813b6000 r-xp 00000000 00:00 0                          [vdso]
ffffffffff600000-ffffffffff601000 r-xp 00000000 00:00 0                  [vsyscall]


VM Arguments:
java_command: org.jetbrains.git4idea.http.GitAskPassApp Username for 'https://github.com': 
java_class_path (initial): /home/yair/clion-2019.2.5/plugins/git4idea/lib/git4idea-rt.jar:/home/yair/clion-2019.2.5/lib/xmlrpc-2.0.1.jar:/home/yair/clion-2019.2.5/lib/commons-codec-1.13.jar:/home/yair/clion-2019.2.5/lib/util.jar
Launcher Type: SUN_STANDARD

[Global flags]
     intx CICompilerCount                          = 2                                         {product} {ergonomic}
     uint ConcGCThreads                            = 1                                         {product} {ergonomic}
     uint G1ConcRefinementThreads                  = 2                                         {product} {ergonomic}
   size_t G1HeapRegionSize                         = 1048576                                   {product} {ergonomic}
    uintx GCDrainStackTargetSize                   = 64                                        {product} {ergonomic}
   size_t InitialHeapSize                          = 65011712                                  {product} {ergonomic}
   size_t MarkStackSize                            = 4194304                                   {product} {ergonomic}
   size_t MaxHeapSize                              = 1035993088                                {product} {ergonomic}
   size_t MinHeapDeltaBytes                        = 1048576                                   {product} {ergonomic}
    uintx NonNMethodCodeHeapSize                   = 5824844                                {pd product} {ergonomic}
    uintx NonProfiledCodeHeapSize                  = 122916698                              {pd product} {ergonomic}
    uintx ProfiledCodeHeapSize                     = 122916698                              {pd product} {ergonomic}
    uintx ReservedCodeCacheSize                    = 251658240                              {pd product} {ergonomic}
     bool SegmentedCodeCache                       = true                                      {product} {ergonomic}
     bool UseCompressedClassPointers               = true                                 {lp64_product} {ergonomic}
     bool UseCompressedOops                        = true                                 {lp64_product} {ergonomic}
     bool UseG1GC                                  = true                                      {product} {ergonomic}

Logging:
Log output configuration:
 #0: stdout all=warning uptime,level,tags
 #1: stderr all=off uptime,level,tags

Environment Variables:
PATH=/usr/lib/git-core:/usr/local/sbin:/usr/local/bin:/usr/sbin:/usr/bin:/sbin:/bin:/usr/games:/usr/local/games
SHELL=/bin/bash
DISPLAY=:0

Signal Handlers:
SIGSEGV: [libjvm.so+0xd98670], sa_mask[0]=11111111011111111101111111111110, sa_flags=SA_RESTART|SA_SIGINFO
SIGBUS: [libjvm.so+0xd98670], sa_mask[0]=11111111011111111101111111111110, sa_flags=SA_RESTART|SA_SIGINFO
SIGFPE: [libjvm.so+0xd98670], sa_mask[0]=11111111011111111101111111111110, sa_flags=SA_RESTART|SA_SIGINFO
SIGPIPE: [libjvm.so+0xb99c10], sa_mask[0]=11111111011111111101111111111110, sa_flags=SA_RESTART|SA_SIGINFO
SIGXFSZ: [libjvm.so+0xb99c10], sa_mask[0]=11111111011111111101111111111110, sa_flags=SA_RESTART|SA_SIGINFO
SIGILL: [libjvm.so+0xd98670], sa_mask[0]=11111111011111111101111111111110, sa_flags=SA_RESTART|SA_SIGINFO
SIGUSR2: [libjvm.so+0xb99ab0], sa_mask[0]=00100000000000000000000000000000, sa_flags=SA_RESTART|SA_SIGINFO
SIGHUP: SIG_DFL, sa_mask[0]=00000000000000000000000000000000, sa_flags=none
SIGINT: SIG_DFL, sa_mask[0]=00000000000000000000000000000000, sa_flags=none
SIGTERM: SIG_DFL, sa_mask[0]=00000000000000000000000000000000, sa_flags=none
SIGQUIT: SIG_DFL, sa_mask[0]=00000000000000000000000000000000, sa_flags=none


---------------  S Y S T E M  ---------------

OS:DISTRIB_ID=LinuxMint
DISTRIB_RELEASE=19.2
DISTRIB_CODENAME=tina
DISTRIB_DESCRIPTION="Linux Mint 19.2 Tina"
uname:Linux 4.15.0-54-generic #58-Ubuntu SMP Mon Jun 24 10:55:24 UTC 2019 x86_64
libc:glibc 2.27 NPTL 2.27 
rlimit: STACK 8192k, CORE 0k, NPROC 15533, NOFILE 1048576, AS infinity, DATA infinity, FSIZE infinity
load average:0.26 0.33 0.29

/proc/meminfo:
MemTotal:        4039516 kB
MemFree:          109736 kB
MemAvailable:      24664 kB
Buffers:            2420 kB
Cached:           193680 kB
SwapCached:         1164 kB
Active:          3137976 kB
Inactive:         651724 kB
Active(anon):    3123056 kB
Inactive(anon):   624444 kB
Active(file):      14920 kB
Inactive(file):    27280 kB
Unevictable:          48 kB
Mlocked:              48 kB
SwapTotal:        947324 kB
SwapFree:              0 kB
Dirty:               376 kB
Writeback:             0 kB
AnonPages:       3593128 kB
Mapped:           141164 kB
Shmem:            153680 kB
Slab:              55560 kB
SReclaimable:      24860 kB
SUnreclaim:        30700 kB
KernelStack:        9680 kB
PageTables:        44352 kB
NFS_Unstable:          0 kB
Bounce:                0 kB
WritebackTmp:          0 kB
CommitLimit:     2967080 kB
Committed_AS:    6986240 kB
VmallocTotal:   34359738367 kB
VmallocUsed:           0 kB
VmallocChunk:          0 kB
HardwareCorrupted:     0 kB
AnonHugePages:         0 kB
ShmemHugePages:        0 kB
ShmemPmdMapped:        0 kB
CmaTotal:              0 kB
CmaFree:               0 kB
HugePages_Total:       0
HugePages_Free:        0
HugePages_Rsvd:        0
HugePages_Surp:        0
Hugepagesize:       2048 kB
DirectMap4k:      153536 kB
DirectMap2M:     4040704 kB


/proc/sys/kernel/threads-max (system-wide limit on the number of threads):
31066


/proc/sys/vm/max_map_count (maximum number of memory map areas a process may have):
65530


/proc/sys/kernel/pid_max (system-wide limit on number of process identifiers):
32768



container (cgroup) information:
container_type: cgroupv1
cpu_cpuset_cpus: 0-1
cpu_memory_nodes: 0
active_processor_count: 2
cpu_quota: -1
cpu_period: 100000
cpu_shares: -1
memory_limit_in_bytes: -1
memory_and_swap_limit_in_bytes: -2
memory_soft_limit_in_bytes: -1
memory_usage_in_bytes: 3880275968
memory_max_usage_in_bytes: 0

Steal ticks since vm start: 0
Steal ticks percentage since vm start:  0.000

CPU:total 2 (initial active 2) (2 cores per cpu, 1 threads per core) family 6 model 142 stepping 9, cmov, cx8, fxsr, mmx, sse, sse2, sse3, ssse3, sse4.1, sse4.2, popcnt, avx, avx2, aes, clmul, 3dnowpref, lzcnt, tsc, tscinvbit
CPU Model and flags from /proc/cpuinfo:
model name	: Intel(R) Core(TM) i5-7200U CPU @ 2.50GHz
flags		: fpu vme de pse tsc msr pae mce cx8 apic sep mtrr pge mca cmov pat pse36 clflush mmx fxsr sse sse2 ht syscall nx rdtscp lm constant_tsc rep_good nopl xtopology nonstop_tsc cpuid tsc_known_freq pni pclmulqdq ssse3 cx16 pcid sse4_1 sse4_2 x2apic movbe popcnt aes xsave avx rdrand hypervisor lahf_lm abm 3dnowprefetch invpcid_single pti fsgsbase avx2 invpcid rdseed clflushopt flush_l1d

Memory: 4k page, physical 4039516k(109736k free), swap 947324k(0k free)

vm_info: OpenJDK 64-Bit Server VM (11.0.4+10-b304.77) for linux-amd64 JRE (11.0.4+10-b304.77), built on Oct 10 2019 12:18:38 by "" with gcc 4.8.5 20150623 (Red Hat 4.8.5-36)

END.
