#
# There is insufficient memory for the Java Runtime Environment to continue.
# Native memory allocation (mmap) failed to map 33554432 bytes for committing reserved memory.
# Possible reasons:
#   The system is out of physical RAM or swap space
#   The process is running with CompressedOops enabled, and the Java Heap may be blocking the growth of the native heap
# Possible solutions:
#   Reduce memory load on the system
#   Increase physical memory or swap space
#   Check if swap backing store is full
#   Decrease Java heap size (-Xmx/-Xms)
#   Decrease number of Java threads
#   Decrease Java thread stack sizes (-Xss)
#   Set larger code cache with -XX:ReservedCodeCacheSize=
# This output file may be truncated or incomplete.
#
#  Out of Memory Error (os_linux.cpp:2884), pid=24790, tid=24791
#
# JRE version:  (11.0.4+10) (build )
# Java VM: OpenJDK 64-Bit Server VM (11.0.4+10-b304.77, mixed mode, aot, sharing, tiered, compressed oops, g1 gc, linux-amd64)
# Core dump will be written. Default location: Core dumps may be processed with "/lib/systemd/systemd-coredump %P %u %g %s %t 9223372036854775808 %e" (or dumping to /home/yair/CLionProjects/Searching-Algorithm-Server/core.24790)
#

---------------  S U M M A R Y ------------

Command Line: org.jetbrains.git4idea.http.GitAskPassApp Username for 'https://github.com': 

Host: Intel(R) Core(TM) i5-7200U CPU @ 2.50GHz, 2 cores, 3G, Linux Mint 19.2 Tina
Time: Fri Jan 17 14:48:11 2020 IST elapsed time: 0 seconds (0d 0h 0m 0s)

---------------  T H R E A D  ---------------

Current thread (0x00007fb4f4012000):  JavaThread "Unknown thread" [_thread_in_vm, id=24791, stack(0x00007fb4fd177000,0x00007fb4fd278000)]

Stack: [0x00007fb4fd177000,0x00007fb4fd278000],  sp=0x00007fb4fd2764e0,  free space=1021k
Native frames: (J=compiled Java code, A=aot compiled Java code, j=interpreted, Vv=VM code, C=native code)
V  [libjvm.so+0xd9777a]  VMError::report_and_die(int, char const*, char const*, __va_list_tag*, Thread*, unsigned char*, void*, void*, char const*, int, unsigned long)+0x18a
V  [libjvm.so+0xd98613]  VMError::report_and_die(Thread*, char const*, int, unsigned long, VMErrorType, char const*, __va_list_tag*)+0x43
V  [libjvm.so+0x698dc8]  report_vm_out_of_memory(char const*, int, unsigned long, VMErrorType, char const*, ...)+0xe8
V  [libjvm.so+0xb9dac2]  os::pd_commit_memory(char*, unsigned long, bool)+0xc2
V  [libjvm.so+0xb9520f]  os::commit_memory(char*, unsigned long, bool)+0x1f
V  [libjvm.so+0x775294]  G1CMMarkStack::resize(unsigned long)+0x64
V  [libjvm.so+0x778c23]  G1ConcurrentMark::G1ConcurrentMark(G1CollectedHeap*, G1RegionToSpaceMapper*, G1RegionToSpaceMapper*)+0x603
V  [libjvm.so+0x764925]  G1CollectedHeap::initialize()+0x665
V  [libjvm.so+0xd5ae81]  Universe::initialize_heap()+0x41
V  [libjvm.so+0xd5b131]  universe_init()+0x41
V  [libjvm.so+0x8271ef]  init_globals()+0x5f
V  [libjvm.so+0xd3871c]  Threads::create_vm(JavaVMInitArgs*, bool*)+0x3dc
V  [libjvm.so+0x8ce74c]  JNI_CreateJavaVM+0x5c
C  [libjli.so+0x4814]  JavaMain+0x84


---------------  P R O C E S S  ---------------

Threads class SMR info:
_java_thread_list=0x0000000001e18ff0, length=0, elements={
}

Java Threads: ( => current thread )

Other Threads:
  0x00007fb4f4028000 GCTaskThread "GC Thread#0" [stack: 0x00007fb4f917d000,0x00007fb4f927d000] [id=24792]

[error occurred during error reporting (printing all threads), id 0xb, SIGSEGV (0xb) at pc=0x00007fb4fb7993b1]

VM state:not at safepoint (not fully initialized)

VM Mutex/Monitor currently owned by a thread:  ([mutex/lock_event])
[0x00007fb4f400ea60] Heap_lock - owner thread: 0x00007fb4f4012000

Heap address: 0x00000000c2400000, size: 988 MB, Compressed Oops mode: Non-zero based: 0x00000000c2400000
Narrow klass base: 0x0000000000000000, Narrow klass shift: 0

GC Heap History (0 events):
No events

Deoptimization events (0 events):
No events

Classes redefined (0 events):
No events

Internal exceptions (0 events):
No events

Events (0 events):
No events


Dynamic libraries:
00400000-00401000 r-xp 00000000 08:01 574738                             /home/yair/clion-2019.2.5/jbr/bin/java
00601000-00602000 r--p 00001000 08:01 574738                             /home/yair/clion-2019.2.5/jbr/bin/java
00602000-00603000 rw-p 00002000 08:01 574738                             /home/yair/clion-2019.2.5/jbr/bin/java
01e01000-01e22000 rw-p 00000000 00:00 0                                  [heap]
c2400000-100000000 ---p 00000000 00:00 0 
7fb4cc000000-7fb4cc021000 rw-p 00000000 00:00 0 
7fb4cc021000-7fb4d0000000 ---p 00000000 00:00 0 
7fb4d4000000-7fb4d4021000 rw-p 00000000 00:00 0 
7fb4d4021000-7fb4d8000000 ---p 00000000 00:00 0 
7fb4db090000-7fb4dc000000 ---p 00000000 00:00 0 
7fb4dc000000-7fb4dc021000 rw-p 00000000 00:00 0 
7fb4dc021000-7fb4e0000000 ---p 00000000 00:00 0 
7fb4e01e0000-7fb4e1150000 ---p 00000000 00:00 0 
7fb4e1150000-7fb4e13c0000 rwxp 00000000 00:00 0 
7fb4e13c0000-7fb4e16df000 ---p 00000000 00:00 0 
7fb4e16df000-7fb4e194f000 rwxp 00000000 00:00 0 
7fb4e194f000-7fb4e8c17000 ---p 00000000 00:00 0 
7fb4e8c17000-7fb4e8e87000 rwxp 00000000 00:00 0 
7fb4e8e87000-7fb4f0150000 ---p 00000000 00:00 0 
7fb4f0150000-7fb4f4000000 r--s 00000000 08:01 574721                     /home/yair/clion-2019.2.5/jbr/lib/modules
7fb4f4000000-7fb4f4052000 rw-p 00000000 00:00 0 
7fb4f4052000-7fb4f8000000 ---p 00000000 00:00 0 
7fb4f8427000-7fb4f87ab000 rw-p 00000000 00:00 0 
7fb4f87ab000-7fb4f87ac000 ---p 00000000 00:00 0 
7fb4f87ac000-7fb4f88ad000 rw-p 00000000 00:00 0 
7fb4f88ad000-7fb4f88ae000 ---p 00000000 00:00 0 
7fb4f88ae000-7fb4f89af000 rw-p 00000000 00:00 0 
7fb4f89af000-7fb4f8f79000 ---p 00000000 00:00 0 
7fb4f8f79000-7fb4f917b000 rw-p 00000000 00:00 0 
7fb4f917b000-7fb4f917c000 ---p 00000000 00:00 0 
7fb4f917c000-7fb4f9282000 rw-p 00000000 00:00 0 
7fb4f9282000-7fb4f9368000 ---p 00000000 00:00 0 
7fb4f9368000-7fb4f936d000 rw-p 00000000 00:00 0 
7fb4f936d000-7fb4f9453000 ---p 00000000 00:00 0 
7fb4f9453000-7fb4f9458000 r-xp 00000000 08:01 574700                     /home/yair/clion-2019.2.5/jbr/lib/libjimage.so
7fb4f9458000-7fb4f9658000 ---p 00005000 08:01 574700                     /home/yair/clion-2019.2.5/jbr/lib/libjimage.so
7fb4f9658000-7fb4f9659000 r--p 00005000 08:01 574700                     /home/yair/clion-2019.2.5/jbr/lib/libjimage.so
7fb4f9659000-7fb4f965a000 rw-p 00006000 08:01 574700                     /home/yair/clion-2019.2.5/jbr/lib/libjimage.so
7fb4f965a000-7fb4f9661000 r-xp 00000000 08:01 574720                     /home/yair/clion-2019.2.5/jbr/lib/libzip.so
7fb4f9661000-7fb4f9860000 ---p 00007000 08:01 574720                     /home/yair/clion-2019.2.5/jbr/lib/libzip.so
7fb4f9860000-7fb4f9861000 r--p 00006000 08:01 574720                     /home/yair/clion-2019.2.5/jbr/lib/libzip.so
7fb4f9861000-7fb4f9862000 rw-p 00007000 08:01 574720                     /home/yair/clion-2019.2.5/jbr/lib/libzip.so
7fb4f9862000-7fb4f986d000 r-xp 00000000 08:01 528586                     /lib/x86_64-linux-gnu/libnss_files-2.27.so
7fb4f986d000-7fb4f9a6c000 ---p 0000b000 08:01 528586                     /lib/x86_64-linux-gnu/libnss_files-2.27.so
7fb4f9a6c000-7fb4f9a6d000 r--p 0000a000 08:01 528586                     /lib/x86_64-linux-gnu/libnss_files-2.27.so
7fb4f9a6d000-7fb4f9a6e000 rw-p 0000b000 08:01 528586                     /lib/x86_64-linux-gnu/libnss_files-2.27.so
7fb4f9a6e000-7fb4f9a74000 rw-p 00000000 00:00 0 
7fb4f9a74000-7fb4f9a8b000 r-xp 00000000 08:01 528580                     /lib/x86_64-linux-gnu/libnsl-2.27.so
7fb4f9a8b000-7fb4f9c8a000 ---p 00017000 08:01 528580                     /lib/x86_64-linux-gnu/libnsl-2.27.so
7fb4f9c8a000-7fb4f9c8b000 r--p 00016000 08:01 528580                     /lib/x86_64-linux-gnu/libnsl-2.27.so
7fb4f9c8b000-7fb4f9c8c000 rw-p 00017000 08:01 528580                     /lib/x86_64-linux-gnu/libnsl-2.27.so
7fb4f9c8c000-7fb4f9c8e000 rw-p 00000000 00:00 0 
7fb4f9c8e000-7fb4f9c99000 r-xp 00000000 08:01 528597                     /lib/x86_64-linux-gnu/libnss_nis-2.27.so
7fb4f9c99000-7fb4f9e98000 ---p 0000b000 08:01 528597                     /lib/x86_64-linux-gnu/libnss_nis-2.27.so
7fb4f9e98000-7fb4f9e99000 r--p 0000a000 08:01 528597                     /lib/x86_64-linux-gnu/libnss_nis-2.27.so
7fb4f9e99000-7fb4f9e9a000 rw-p 0000b000 08:01 528597                     /lib/x86_64-linux-gnu/libnss_nis-2.27.so
7fb4f9e9a000-7fb4f9ea2000 r-xp 00000000 08:01 528582                     /lib/x86_64-linux-gnu/libnss_compat-2.27.so
7fb4f9ea2000-7fb4fa0a2000 ---p 00008000 08:01 528582                     /lib/x86_64-linux-gnu/libnss_compat-2.27.so
7fb4fa0a2000-7fb4fa0a3000 r--p 00008000 08:01 528582                     /lib/x86_64-linux-gnu/libnss_compat-2.27.so
7fb4fa0a3000-7fb4fa0a4000 rw-p 00009000 08:01 528582                     /lib/x86_64-linux-gnu/libnss_compat-2.27.so
7fb4fa0a4000-7fb4fa0cd000 r-xp 00000000 08:01 574690                     /home/yair/clion-2019.2.5/jbr/lib/libjava.so
7fb4fa0cd000-7fb4fa2cc000 ---p 00029000 08:01 574690                     /home/yair/clion-2019.2.5/jbr/lib/libjava.so
7fb4fa2cc000-7fb4fa2cd000 r--p 00028000 08:01 574690                     /home/yair/clion-2019.2.5/jbr/lib/libjava.so
7fb4fa2cd000-7fb4fa2cf000 rw-p 00029000 08:01 574690                     /home/yair/clion-2019.2.5/jbr/lib/libjava.so
7fb4fa2cf000-7fb4fa2dc000 r-xp 00000000 08:01 574719                     /home/yair/clion-2019.2.5/jbr/lib/libverify.so
7fb4fa2dc000-7fb4fa4db000 ---p 0000d000 08:01 574719                     /home/yair/clion-2019.2.5/jbr/lib/libverify.so
7fb4fa4db000-7fb4fa4dd000 r--p 0000c000 08:01 574719                     /home/yair/clion-2019.2.5/jbr/lib/libverify.so
7fb4fa4dd000-7fb4fa4de000 rw-p 0000e000 08:01 574719                     /home/yair/clion-2019.2.5/jbr/lib/libverify.so
7fb4fa4de000-7fb4fa4e5000 r-xp 00000000 08:01 528637                     /lib/x86_64-linux-gnu/librt-2.27.so
7fb4fa4e5000-7fb4fa6e4000 ---p 00007000 08:01 528637                     /lib/x86_64-linux-gnu/librt-2.27.so
7fb4fa6e4000-7fb4fa6e5000 r--p 00006000 08:01 528637                     /lib/x86_64-linux-gnu/librt-2.27.so
7fb4fa6e5000-7fb4fa6e6000 rw-p 00007000 08:01 528637                     /lib/x86_64-linux-gnu/librt-2.27.so
7fb4fa6e6000-7fb4fa6fd000 r-xp 00000000 08:01 528533                     /lib/x86_64-linux-gnu/libgcc_s.so.1
7fb4fa6fd000-7fb4fa8fc000 ---p 00017000 08:01 528533                     /lib/x86_64-linux-gnu/libgcc_s.so.1
7fb4fa8fc000-7fb4fa8fd000 r--p 00016000 08:01 528533                     /lib/x86_64-linux-gnu/libgcc_s.so.1
7fb4fa8fd000-7fb4fa8fe000 rw-p 00017000 08:01 528533                     /lib/x86_64-linux-gnu/libgcc_s.so.1
7fb4fa8fe000-7fb4faa9b000 r-xp 00000000 08:01 528559                     /lib/x86_64-linux-gnu/libm-2.27.so
7fb4faa9b000-7fb4fac9a000 ---p 0019d000 08:01 528559                     /lib/x86_64-linux-gnu/libm-2.27.so
7fb4fac9a000-7fb4fac9b000 r--p 0019c000 08:01 528559                     /lib/x86_64-linux-gnu/libm-2.27.so
7fb4fac9b000-7fb4fac9c000 rw-p 0019d000 08:01 528559                     /lib/x86_64-linux-gnu/libm-2.27.so
7fb4fac9c000-7fb4fae15000 r-xp 00000000 08:01 143251                     /usr/lib/x86_64-linux-gnu/libstdc++.so.6.0.25
7fb4fae15000-7fb4fb015000 ---p 00179000 08:01 143251                     /usr/lib/x86_64-linux-gnu/libstdc++.so.6.0.25
7fb4fb015000-7fb4fb01f000 r--p 00179000 08:01 143251                     /usr/lib/x86_64-linux-gnu/libstdc++.so.6.0.25
7fb4fb01f000-7fb4fb021000 rw-p 00183000 08:01 143251                     /usr/lib/x86_64-linux-gnu/libstdc++.so.6.0.25
7fb4fb021000-7fb4fb025000 rw-p 00000000 00:00 0 
7fb4fb025000-7fb4fc0ce000 r-xp 00000000 08:01 574732                     /home/yair/clion-2019.2.5/jbr/lib/server/libjvm.so
7fb4fc0ce000-7fb4fc2ce000 ---p 010a9000 08:01 574732                     /home/yair/clion-2019.2.5/jbr/lib/server/libjvm.so
7fb4fc2ce000-7fb4fc39c000 r--p 010a9000 08:01 574732                     /home/yair/clion-2019.2.5/jbr/lib/server/libjvm.so
7fb4fc39c000-7fb4fc3d6000 rw-p 01177000 08:01 574732                     /home/yair/clion-2019.2.5/jbr/lib/server/libjvm.so
7fb4fc3d6000-7fb4fc42f000 rw-p 00000000 00:00 0 
7fb4fc42f000-7fb4fc616000 r-xp 00000000 08:01 528496                     /lib/x86_64-linux-gnu/libc-2.27.so
7fb4fc616000-7fb4fc816000 ---p 001e7000 08:01 528496                     /lib/x86_64-linux-gnu/libc-2.27.so
7fb4fc816000-7fb4fc81a000 r--p 001e7000 08:01 528496                     /lib/x86_64-linux-gnu/libc-2.27.so
7fb4fc81a000-7fb4fc81c000 rw-p 001eb000 08:01 528496                     /lib/x86_64-linux-gnu/libc-2.27.so
7fb4fc81c000-7fb4fc820000 rw-p 00000000 00:00 0 
7fb4fc820000-7fb4fc823000 r-xp 00000000 08:01 528519                     /lib/x86_64-linux-gnu/libdl-2.27.so
7fb4fc823000-7fb4fca22000 ---p 00003000 08:01 528519                     /lib/x86_64-linux-gnu/libdl-2.27.so
7fb4fca22000-7fb4fca23000 r--p 00002000 08:01 528519                     /lib/x86_64-linux-gnu/libdl-2.27.so
7fb4fca23000-7fb4fca24000 rw-p 00003000 08:01 528519                     /lib/x86_64-linux-gnu/libdl-2.27.so
7fb4fca24000-7fb4fca33000 r-xp 00000000 08:01 574667                     /home/yair/clion-2019.2.5/jbr/lib/jli/libjli.so
7fb4fca33000-7fb4fcc32000 ---p 0000f000 08:01 574667                     /home/yair/clion-2019.2.5/jbr/lib/jli/libjli.so
7fb4fcc32000-7fb4fcc33000 r--p 0000e000 08:01 574667                     /home/yair/clion-2019.2.5/jbr/lib/jli/libjli.so
7fb4fcc33000-7fb4fcc34000 rw-p 0000f000 08:01 574667                     /home/yair/clion-2019.2.5/jbr/lib/jli/libjli.so
7fb4fcc34000-7fb4fcc4e000 r-xp 00000000 08:01 528629                     /lib/x86_64-linux-gnu/libpthread-2.27.so
7fb4fcc4e000-7fb4fce4d000 ---p 0001a000 08:01 528629                     /lib/x86_64-linux-gnu/libpthread-2.27.so
7fb4fce4d000-7fb4fce4e000 r--p 00019000 08:01 528629                     /lib/x86_64-linux-gnu/libpthread-2.27.so
7fb4fce4e000-7fb4fce4f000 rw-p 0001a000 08:01 528629                     /lib/x86_64-linux-gnu/libpthread-2.27.so
7fb4fce4f000-7fb4fce53000 rw-p 00000000 00:00 0 
7fb4fce53000-7fb4fce6f000 r-xp 00000000 08:01 528670                     /lib/x86_64-linux-gnu/libz.so.1.2.11
7fb4fce6f000-7fb4fd06e000 ---p 0001c000 08:01 528670                     /lib/x86_64-linux-gnu/libz.so.1.2.11
7fb4fd06e000-7fb4fd06f000 r--p 0001b000 08:01 528670                     /lib/x86_64-linux-gnu/libz.so.1.2.11
7fb4fd06f000-7fb4fd070000 rw-p 0001c000 08:01 528670                     /lib/x86_64-linux-gnu/libz.so.1.2.11
7fb4fd070000-7fb4fd097000 r-xp 00000000 08:01 528468                     /lib/x86_64-linux-gnu/ld-2.27.so
7fb4fd156000-7fb4fd177000 rw-p 00000000 00:00 0 
7fb4fd177000-7fb4fd17b000 ---p 00000000 00:00 0 
7fb4fd17b000-7fb4fd27c000 rw-p 00000000 00:00 0 
7fb4fd281000-7fb4fd286000 rw-p 00000000 00:00 0 
7fb4fd286000-7fb4fd28d000 ---p 00000000 00:00 0 
7fb4fd28d000-7fb4fd295000 rw-s 00000000 08:01 578154                     /tmp/hsperfdata_yair/24790
7fb4fd295000-7fb4fd296000 ---p 00000000 00:00 0 
7fb4fd296000-7fb4fd297000 r--p 00000000 00:00 0 
7fb4fd297000-7fb4fd298000 r--p 00027000 08:01 528468                     /lib/x86_64-linux-gnu/ld-2.27.so
7fb4fd298000-7fb4fd299000 rw-p 00028000 08:01 528468                     /lib/x86_64-linux-gnu/ld-2.27.so
7fb4fd299000-7fb4fd29a000 rw-p 00000000 00:00 0 
7ffd34803000-7ffd34824000 rw-p 00000000 00:00 0                          [stack]
7ffd348ae000-7ffd348b1000 r--p 00000000 00:00 0                          [vvar]
7ffd348b1000-7ffd348b3000 r-xp 00000000 00:00 0                          [vdso]
ffffffffff600000-ffffffffff601000 r-xp 00000000 00:00 0                  [vsyscall]


VM Arguments:
java_command: org.jetbrains.git4idea.http.GitAskPassApp Username for 'https://github.com': 
java_class_path (initial): /home/yair/clion-2019.2.5/plugins/git4idea/lib/git4idea-rt.jar:/home/yair/clion-2019.2.5/lib/xmlrpc-2.0.1.jar:/home/yair/clion-2019.2.5/lib/commons-codec-1.13.jar:/home/yair/clion-2019.2.5/lib/util.jar
Launcher Type: SUN_STANDARD

[Global flags]
     intx CICompilerCount                          = 2                                         {product} {ergonomic}
     uint ConcGCThreads                            = 1                                         {product} {ergonomic}
     uint G1ConcRefinementThreads                  = 2                                         {product} {ergonomic}
   size_t G1HeapRegionSize                         = 1048576                                   {product} {ergonomic}
    uintx GCDrainStackTargetSize                   = 64                                        {product} {ergonomic}
   size_t InitialHeapSize                          = 65011712                                  {product} {ergonomic}
   size_t MarkStackSize                            = 4194304                                   {product} {ergonomic}
   size_t MaxHeapSize                              = 1035993088                                {product} {ergonomic}
   size_t MinHeapDeltaBytes                        = 1048576                                   {product} {ergonomic}
    uintx NonNMethodCodeHeapSize                   = 5824844                                {pd product} {ergonomic}
    uintx NonProfiledCodeHeapSize                  = 122916698                              {pd product} {ergonomic}
    uintx ProfiledCodeHeapSize                     = 122916698                              {pd product} {ergonomic}
    uintx ReservedCodeCacheSize                    = 251658240                              {pd product} {ergonomic}
     bool SegmentedCodeCache                       = true                                      {product} {ergonomic}
     bool UseCompressedClassPointers               = true                                 {lp64_product} {ergonomic}
     bool UseCompressedOops                        = true                                 {lp64_product} {ergonomic}
     bool UseG1GC                                  = true                                      {product} {ergonomic}

Logging:
Log output configuration:
 #0: stdout all=warning uptime,level,tags
 #1: stderr all=off uptime,level,tags

Environment Variables:
PATH=/usr/lib/git-core:/usr/local/sbin:/usr/local/bin:/usr/sbin:/usr/bin:/sbin:/bin:/usr/games:/usr/local/games
SHELL=/bin/bash
DISPLAY=:0

Signal Handlers:
SIGSEGV: [libjvm.so+0xd98670], sa_mask[0]=11111111011111111101111111111110, sa_flags=SA_RESTART|SA_SIGINFO
SIGBUS: [libjvm.so+0xd98670], sa_mask[0]=11111111011111111101111111111110, sa_flags=SA_RESTART|SA_SIGINFO
SIGFPE: [libjvm.so+0xd98670], sa_mask[0]=11111111011111111101111111111110, sa_flags=SA_RESTART|SA_SIGINFO
SIGPIPE: [libjvm.so+0xb99c10], sa_mask[0]=11111111011111111101111111111110, sa_flags=SA_RESTART|SA_SIGINFO
SIGXFSZ: [libjvm.so+0xb99c10], sa_mask[0]=11111111011111111101111111111110, sa_flags=SA_RESTART|SA_SIGINFO
SIGILL: [libjvm.so+0xd98670], sa_mask[0]=11111111011111111101111111111110, sa_flags=SA_RESTART|SA_SIGINFO
SIGUSR2: [libjvm.so+0xb99ab0], sa_mask[0]=00100000000000000000000000000000, sa_flags=SA_RESTART|SA_SIGINFO
SIGHUP: SIG_DFL, sa_mask[0]=00000000000000000000000000000000, sa_flags=none
SIGINT: SIG_DFL, sa_mask[0]=00000000000000000000000000000000, sa_flags=none
SIGTERM: SIG_DFL, sa_mask[0]=00000000000000000000000000000000, sa_flags=none
SIGQUIT: SIG_DFL, sa_mask[0]=00000000000000000000000000000000, sa_flags=none


---------------  S Y S T E M  ---------------

OS:DISTRIB_ID=LinuxMint
DISTRIB_RELEASE=19.2
DISTRIB_CODENAME=tina
DISTRIB_DESCRIPTION="Linux Mint 19.2 Tina"
uname:Linux 4.15.0-54-generic #58-Ubuntu SMP Mon Jun 24 10:55:24 UTC 2019 x86_64
libc:glibc 2.27 NPTL 2.27 
rlimit: STACK 8192k, CORE 0k, NPROC 15533, NOFILE 1048576, AS infinity, DATA infinity, FSIZE infinity
load average:2.20 1.52 0.85

/proc/meminfo:
MemTotal:        4039516 kB
MemFree:          104116 kB
MemAvailable:       7692 kB
Buffers:            1100 kB
Cached:           172192 kB
SwapCached:         1604 kB
Active:          3155888 kB
Inactive:         639588 kB
Active(anon):    3146740 kB
Inactive(anon):   629144 kB
Active(file):       9148 kB
Inactive(file):    10444 kB
Unevictable:          48 kB
Mlocked:              48 kB
SwapTotal:        947324 kB
SwapFree:              0 kB
Dirty:                68 kB
Writeback:             0 kB
AnonPages:       3621192 kB
Mapped:            37032 kB
Shmem:            153620 kB
Slab:              55424 kB
SReclaimable:      24764 kB
SUnreclaim:        30660 kB
KernelStack:        9744 kB
PageTables:        44272 kB
NFS_Unstable:          0 kB
Bounce:                0 kB
WritebackTmp:          0 kB
CommitLimit:     2967080 kB
Committed_AS:    6975892 kB
VmallocTotal:   34359738367 kB
VmallocUsed:           0 kB
VmallocChunk:          0 kB
HardwareCorrupted:     0 kB
AnonHugePages:         0 kB
ShmemHugePages:        0 kB
ShmemPmdMapped:        0 kB
CmaTotal:              0 kB
CmaFree:               0 kB
HugePages_Total:       0
HugePages_Free:        0
HugePages_Rsvd:        0
HugePages_Surp:        0
Hugepagesize:       2048 kB
DirectMap4k:      153536 kB
DirectMap2M:     4040704 kB


/proc/sys/kernel/threads-max (system-wide limit on the number of threads):
31066


/proc/sys/vm/max_map_count (maximum number of memory map areas a process may have):
65530


/proc/sys/kernel/pid_max (system-wide limit on number of process identifiers):
32768



container (cgroup) information:
container_type: cgroupv1
cpu_cpuset_cpus: 0-1
cpu_memory_nodes: 0
active_processor_count: 2
cpu_quota: -1
cpu_period: 100000
cpu_shares: -1
memory_limit_in_bytes: -1
memory_and_swap_limit_in_bytes: -2
memory_soft_limit_in_bytes: -1
memory_usage_in_bytes: 3886088192
memory_max_usage_in_bytes: 0

Steal ticks since vm start: 0
Steal ticks percentage since vm start:  0.000

CPU:total 2 (initial active 2) (2 cores per cpu, 1 threads per core) family 6 model 142 stepping 9, cmov, cx8, fxsr, mmx, sse, sse2, sse3, ssse3, sse4.1, sse4.2, popcnt, avx, avx2, aes, clmul, 3dnowpref, lzcnt, tsc, tscinvbit
CPU Model and flags from /proc/cpuinfo:
model name	: Intel(R) Core(TM) i5-7200U CPU @ 2.50GHz
flags		: fpu vme de pse tsc msr pae mce cx8 apic sep mtrr pge mca cmov pat pse36 clflush mmx fxsr sse sse2 ht syscall nx rdtscp lm constant_tsc rep_good nopl xtopology nonstop_tsc cpuid tsc_known_freq pni pclmulqdq ssse3 cx16 pcid sse4_1 sse4_2 x2apic movbe popcnt aes xsave avx rdrand hypervisor lahf_lm abm 3dnowprefetch invpcid_single pti fsgsbase avx2 invpcid rdseed clflushopt flush_l1d

Memory: 4k page, physical 4039516k(104116k free), swap 947324k(0k free)

vm_info: OpenJDK 64-Bit Server VM (11.0.4+10-b304.77) for linux-amd64 JRE (11.0.4+10-b304.77), built on Oct 10 2019 12:18:38 by "" with gcc 4.8.5 20150623 (Red Hat 4.8.5-36)

END.
